# hmmsearch :: search profile(s) against a sequence database
# HMMER 3.1b2 (February 2015); http://hmmer.org/
# Copyright (C) 2015 Howard Hughes Medical Institute.
# Freely distributed under the GNU General Public License (GPLv3).
# - - - - - - - - - - - - - - - - - - - - - - - - - - - - - - - - - - - -
# query HMM file:                  leidreiter_profiles/NMD.hmm
# target sequence database:        /Users/gabefoley/Dropbox/Code/Python_Workspace/phyloisland_2019/RBD_Analysis/results/output/domain_input/tmp/NZ_AMBZ01000025.1_information_Paenibacillus_alvei_region_TcdA1_expanded_1274632_1278241_backward
# output directed to file:         /Users/gabefoley/Dropbox/Code/Python_Workspace/phyloisland_2019/RBD_Analysis/results/output/domain_output/NZ_AMBZ01000025.1_information_Paenibacillus_alvei_region_TcdA1_expanded_1274632_1278241_backward_profile=NMD.hmm.output
# domain reporting threshold:      score >= 1
# - - - - - - - - - - - - - - - - - - - - - - - - - - - - - - - - - - - -

Query:       Neuraminidase  [M=170]
Accession:   PF18413.1
Description: Neuraminidase-like domain
Scores for complete sequences (score includes all domains):
   --- full sequence ---   --- best 1 domain ---    -#dom-
    E-value  score  bias    E-value  score  bias    exp  N  Sequence                                                                                         Description
    ------- ------ -----    ------- ------ -----   ---- --  --------                                                                                         -----------
    1.4e-23   69.6   0.4    3.6e-23   68.2   0.4    1.6  1  NZ_AMBZ01000025.1_information_Paenibacillus_alvei_region_TcdA1_expanded_1274632_1278241_backward  <unknown description>


Domain annotation for each sequence (and alignments):
>> NZ_AMBZ01000025.1_information_Paenibacillus_alvei_region_TcdA1_expanded_1274632_1278241_backward  <unknown description>
   #    score  bias  c-Evalue  i-Evalue hmmfrom  hmm to    alifrom  ali to    envfrom  env to     acc
 ---   ------ ----- --------- --------- ------- -------    ------- -------    ------- -------    ----
   1 !   68.2   0.4   3.6e-23   3.6e-23      10      92 ..     183     270 ..     172     285 .. 0.86

  Alignments for each domain:
  == domain 1  score: 68.2 bits;  conditional E-value: 3.6e-23
                                                                                     Neuraminidase  10 kkdnakdtlhffGrtrtaPyrYYyRtldle....gelsan 45 
                                                                                                       +k  ++ +l f+Grt+t Py+YY+R+l+l+    ++l + 
  NZ_AMBZ01000025.1_information_Paenibacillus_alvei_region_TcdA1_expanded_1274632_1278241_backward 183 NKGGDESVLLFVGRTKTMPYEYYWRRLTLKkdnnNKLVPA 222
                                                                                                       67788899******************************** PP

                                                                                     Neuraminidase  46 aWspWekidldi..kegeyvrpvvangRlylfwpefeeka 83 
                                                                                                        Ws W+ki+ +i     +yv+p+  ngRl++ w +++ k+
  NZ_AMBZ01000025.1_information_Paenibacillus_alvei_region_TcdA1_expanded_1274632_1278241_backward 223 IWSGWKKITANIgeALDNYVLPFWENGRLHIKWITID-KK 261
                                                                                                       ************7555599******************.56 PP

                                                                                     Neuraminidase  84 kskektvdd 92 
                                                                                                       +  + +vdd
  NZ_AMBZ01000025.1_information_Paenibacillus_alvei_region_TcdA1_expanded_1274632_1278241_backward 262 QGGDGQVDD 270
                                                                                                       666655555 PP



Internal pipeline statistics summary:
-------------------------------------
Query model(s):                              1  (170 nodes)
Target sequences:                            1  (1203 residues searched)
Passed MSV filter:                         1  (1); expected 0.0 (0.02)
Passed bias filter:                        1  (1); expected 0.0 (0.02)
Passed Vit filter:                         1  (1); expected 0.0 (0.001)
Passed Fwd filter:                         1  (1); expected 0.0 (1e-05)
Initial search space (Z):                  1  [actual number of targets]
Domain search space  (domZ):               1  [number of targets reported over threshold]
# CPU time: 0.00u 0.00s 00:00:00.00 Elapsed: 00:00:00.00
# Mc/sec: inf
//
[ok]
