# hmmsearch :: search profile(s) against a sequence database
# HMMER 3.1b2 (February 2015); http://hmmer.org/
# Copyright (C) 2015 Howard Hughes Medical Institute.
# Freely distributed under the GNU General Public License (GPLv3).
# - - - - - - - - - - - - - - - - - - - - - - - - - - - - - - - - - - - -
# query HMM file:                  leidreiter_profiles/NMD.hmm
# target sequence database:        /Users/gabefoley/Dropbox/Code/Python_Workspace/phyloisland_2019/RBD_Analysis/results/output/domain_input/tmp/NZ_AMBZ01000025.1_information_Paenibacillus_alvei_region_TcdA1_expanded_1282844_1289675_backward
# output directed to file:         /Users/gabefoley/Dropbox/Code/Python_Workspace/phyloisland_2019/RBD_Analysis/results/output/domain_output/NZ_AMBZ01000025.1_information_Paenibacillus_alvei_region_TcdA1_expanded_1282844_1289675_backward_profile=NMD.hmm.output
# domain reporting threshold:      score >= 1
# - - - - - - - - - - - - - - - - - - - - - - - - - - - - - - - - - - - -

Query:       Neuraminidase  [M=170]
Accession:   PF18413.1
Description: Neuraminidase-like domain
Scores for complete sequences (score includes all domains):
   --- full sequence ---   --- best 1 domain ---    -#dom-
    E-value  score  bias    E-value  score  bias    exp  N  Sequence                                                                                         Description
    ------- ------ -----    ------- ------ -----   ---- --  --------                                                                                         -----------
    7.1e-25   73.8   1.3    1.7e-24   72.5   1.3    1.6  1  NZ_AMBZ01000025.1_information_Paenibacillus_alvei_region_TcdA1_expanded_1282844_1289675_backward  <unknown description>


Domain annotation for each sequence (and alignments):
>> NZ_AMBZ01000025.1_information_Paenibacillus_alvei_region_TcdA1_expanded_1282844_1289675_backward  <unknown description>
   #    score  bias  c-Evalue  i-Evalue hmmfrom  hmm to    alifrom  ali to    envfrom  env to     acc
 ---   ------ ----- --------- --------- ------- -------    ------- -------    ------- -------    ----
   1 !   72.5   1.3   1.7e-24   1.7e-24      10      96 ..    1255    1344 ..    1244    1393 .. 0.83

  Alignments for each domain:
  == domain 1  score: 72.5 bits;  conditional E-value: 1.7e-24
                                                                                     Neuraminidase   10 kkdnakdtlhffGrtrtaPyrYYyRtldle....gelsan 45  
                                                                                                        +k +++  l+f+Grt+t Py+YY+R+l+l+    ++l + 
  NZ_AMBZ01000025.1_information_Paenibacillus_alvei_region_TcdA1_expanded_1282844_1289675_backward 1255 NKGADESDLFFVGRTKTMPYEYYWRRLTLKkdnnNKLVPA 1294
                                                                                                        67788889******************************** PP

                                                                                     Neuraminidase   46 aWspWekidldi..kegeyvrpvvangRlylfwpefeeka 83  
                                                                                                         Ws+W+ki+ +i     +yv+ + +++Rl++ w++ e+ +
  NZ_AMBZ01000025.1_information_Paenibacillus_alvei_region_TcdA1_expanded_1282844_1289675_backward 1295 IWSQWKKITANIgeAVDNYVVLFWYKNRLHVQWCSTEKTQ 1334
                                                                                                        ************8666699******************433 PP

                                                                                     Neuraminidase   84 kskektvddlgdq 96  
                                                                                                         ++ +t   +++q
  NZ_AMBZ01000025.1_information_Paenibacillus_alvei_region_TcdA1_expanded_1282844_1289675_backward 1335 NEAGET---VEKQ 1344
                                                                                                        333333...3333 PP



Internal pipeline statistics summary:
-------------------------------------
Query model(s):                              1  (170 nodes)
Target sequences:                            1  (2277 residues searched)
Passed MSV filter:                         1  (1); expected 0.0 (0.02)
Passed bias filter:                        1  (1); expected 0.0 (0.02)
Passed Vit filter:                         1  (1); expected 0.0 (0.001)
Passed Fwd filter:                         1  (1); expected 0.0 (1e-05)
Initial search space (Z):                  1  [actual number of targets]
Domain search space  (domZ):               1  [number of targets reported over threshold]
# CPU time: 0.00u 0.01s 00:00:00.01 Elapsed: 00:00:00.01
# Mc/sec: 38.71
//
[ok]
