# hmmsearch :: search profile(s) against a sequence database
# HMMER 3.1b2 (February 2015); http://hmmer.org/
# Copyright (C) 2015 Howard Hughes Medical Institute.
# Freely distributed under the GNU General Public License (GPLv3).
# - - - - - - - - - - - - - - - - - - - - - - - - - - - - - - - - - - - -
# query HMM file:                  leidreiter_profiles/NMD.hmm
# target sequence database:        /Users/gabefoley/Dropbox/Code/Python_Workspace/phyloisland_2019/RBD_Analysis/results/output/domain_input/tmp/NZ_AMBZ01000025.1_information_Paenibacillus_alvei_region_TcdA1_expanded_1282844_1286459_backward
# output directed to file:         /Users/gabefoley/Dropbox/Code/Python_Workspace/phyloisland_2019/RBD_Analysis/results/output/domain_output/NZ_AMBZ01000025.1_information_Paenibacillus_alvei_region_TcdA1_expanded_1282844_1286459_backward_profile=NMD.hmm.output
# domain reporting threshold:      score >= 1
# - - - - - - - - - - - - - - - - - - - - - - - - - - - - - - - - - - - -

Query:       Neuraminidase  [M=170]
Accession:   PF18413.1
Description: Neuraminidase-like domain
Scores for complete sequences (score includes all domains):
   --- full sequence ---   --- best 1 domain ---    -#dom-
    E-value  score  bias    E-value  score  bias    exp  N  Sequence                                                                                         Description
    ------- ------ -----    ------- ------ -----   ---- --  --------                                                                                         -----------
    3.2e-25   74.9   1.3    7.7e-25   73.7   1.3    1.6  1  NZ_AMBZ01000025.1_information_Paenibacillus_alvei_region_TcdA1_expanded_1282844_1286459_backward  <unknown description>


Domain annotation for each sequence (and alignments):
>> NZ_AMBZ01000025.1_information_Paenibacillus_alvei_region_TcdA1_expanded_1282844_1286459_backward  <unknown description>
   #    score  bias  c-Evalue  i-Evalue hmmfrom  hmm to    alifrom  ali to    envfrom  env to     acc
 ---   ------ ----- --------- --------- ------- -------    ------- -------    ------- -------    ----
   1 !   73.7   1.3   7.7e-25   7.7e-25      10      96 ..     183     272 ..     172     321 .. 0.83

  Alignments for each domain:
  == domain 1  score: 73.7 bits;  conditional E-value: 7.7e-25
                                                                                     Neuraminidase  10 kkdnakdtlhffGrtrtaPyrYYyRtldle....gelsan 45 
                                                                                                       +k +++  l+f+Grt+t Py+YY+R+l+l+    ++l + 
  NZ_AMBZ01000025.1_information_Paenibacillus_alvei_region_TcdA1_expanded_1282844_1286459_backward 183 NKGADESDLFFVGRTKTMPYEYYWRRLTLKkdnnNKLVPA 222
                                                                                                       67788889******************************** PP

                                                                                     Neuraminidase  46 aWspWekidldi..kegeyvrpvvangRlylfwpefeeka 83 
                                                                                                        Ws+W+ki+ +i     +yv+ + +++Rl++ w++ e+ +
  NZ_AMBZ01000025.1_information_Paenibacillus_alvei_region_TcdA1_expanded_1282844_1286459_backward 223 IWSQWKKITANIgeAVDNYVVLFWYKNRLHVQWCSTEKTQ 262
                                                                                                       ************8666699******************433 PP

                                                                                     Neuraminidase  84 kskektvddlgdq 96 
                                                                                                        ++ +t   +++q
  NZ_AMBZ01000025.1_information_Paenibacillus_alvei_region_TcdA1_expanded_1282844_1286459_backward 263 NEAGET---VEKQ 272
                                                                                                       333333...3333 PP



Internal pipeline statistics summary:
-------------------------------------
Query model(s):                              1  (170 nodes)
Target sequences:                            1  (1205 residues searched)
Passed MSV filter:                         1  (1); expected 0.0 (0.02)
Passed bias filter:                        1  (1); expected 0.0 (0.02)
Passed Vit filter:                         1  (1); expected 0.0 (0.001)
Passed Fwd filter:                         1  (1); expected 0.0 (1e-05)
Initial search space (Z):                  1  [actual number of targets]
Domain search space  (domZ):               1  [number of targets reported over threshold]
# CPU time: 0.00u 0.00s 00:00:00.00 Elapsed: 00:00:00.00
# Mc/sec: inf
//
[ok]
