# hmmsearch :: search profile(s) against a sequence database
# HMMER 3.1b2 (February 2015); http://hmmer.org/
# Copyright (C) 2015 Howard Hughes Medical Institute.
# Freely distributed under the GNU General Public License (GPLv3).
# - - - - - - - - - - - - - - - - - - - - - - - - - - - - - - - - - - - -
# query HMM file:                  leidreiter_profiles/NMD.hmm
# target sequence database:        /Users/gabefoley/Dropbox/Code/Python_Workspace/phyloisland_2019/RBD_Analysis/results/output/domain_input/tmp/NZ_LLWJ01000072.1_information_Pseudomonas_sp._region_TcdA1_expanded_1227724_1236094_forward
# output directed to file:         /Users/gabefoley/Dropbox/Code/Python_Workspace/phyloisland_2019/RBD_Analysis/results/output/domain_output/NZ_LLWJ01000072.1_information_Pseudomonas_sp._region_TcdA1_expanded_1227724_1236094_forward_profile=NMD.hmm.output
# domain reporting threshold:      score >= 1
# - - - - - - - - - - - - - - - - - - - - - - - - - - - - - - - - - - - -

Query:       Neuraminidase  [M=170]
Accession:   PF18413.1
Description: Neuraminidase-like domain
Scores for complete sequences (score includes all domains):
   --- full sequence ---   --- best 1 domain ---    -#dom-
    E-value  score  bias    E-value  score  bias    exp  N  Sequence                                                                                    Description
    ------- ------ -----    ------- ------ -----   ---- --  --------                                                                                    -----------
    5.3e-26   77.4   0.2    1.3e-25   76.2   0.2    1.6  1  NZ_LLWJ01000072.1_information_Pseudomonas_sp._region_TcdA1_expanded_1227724_1236094_forward  <unknown description>


Domain annotation for each sequence (and alignments):
>> NZ_LLWJ01000072.1_information_Pseudomonas_sp._region_TcdA1_expanded_1227724_1236094_forward  <unknown description>
   #    score  bias  c-Evalue  i-Evalue hmmfrom  hmm to    alifrom  ali to    envfrom  env to     acc
 ---   ------ ----- --------- --------- ------- -------    ------- -------    ------- -------    ----
   1 !   76.2   0.2   1.3e-25   1.3e-25       4     129 ..    1029    1141 ..    1027    1166 .. 0.81

  Alignments for each domain:
  == domain 1  score: 76.2 bits;  conditional E-value: 1.3e-25
                                                                                Neuraminidase    4 vsgyiekkdnakdtlhffGrtrtaPyrYYyRtldlegels 43  
                                                                                                   ++++++ +  a dt+++f+rt t+Py Y y ++d++    
  NZ_LLWJ01000072.1_information_Pseudomonas_sp._region_TcdA1_expanded_1227724_1236094_forward 1029 QGTVHDPQRGAIDTTFLFARTATEPYNYSYISYDTQ---- 1064
                                                                                                   789999999999************************.... PP

                                                                                Neuraminidase   44 anaWspWekidldikegeyvrpvvangRlylfwpefeeka 83  
                                                                                                      Ws+W++id+ i +   v+pv++++ l+lfw+e++ + 
  NZ_LLWJ01000072.1_information_Pseudomonas_sp._region_TcdA1_expanded_1227724_1236094_forward 1065 --VWSEWKPIDITI-PAALVTPVYVFNHLFLFWVELKTSR 1101
                                                                                                   ..************.**********************444 PP

                                                                                Neuraminidase   84 kskektvddlgdqttgsseeskweiklawsel.rdgkWsp 122 
                                                                                                   +++++  + ++  +        +  ++++s+  +d +W +
  NZ_LLWJ01000072.1_information_Pseudomonas_sp._region_TcdA1_expanded_1227724_1236094_forward 1102 PATSDGASGQRGVA--------YSASIKYSFTrFDSSWIQ 1133
                                                                                                   44444444444444........9***************66 PP

                                                                                Neuraminidase  123 kq.vskds 129 
                                                                                                   +q + +d+
  NZ_LLWJ01000072.1_information_Pseudomonas_sp._region_TcdA1_expanded_1227724_1236094_forward 1134 PQaLISDE 1141
                                                                                                   65244433 PP



Internal pipeline statistics summary:
-------------------------------------
Query model(s):                              1  (170 nodes)
Target sequences:                            1  (2790 residues searched)
Passed MSV filter:                         1  (1); expected 0.0 (0.02)
Passed bias filter:                        1  (1); expected 0.0 (0.02)
Passed Vit filter:                         1  (1); expected 0.0 (0.001)
Passed Fwd filter:                         1  (1); expected 0.0 (1e-05)
Initial search space (Z):                  1  [actual number of targets]
Domain search space  (domZ):               1  [number of targets reported over threshold]
# CPU time: 0.00u 0.00s 00:00:00.00 Elapsed: 00:00:00.01
# Mc/sec: 47.43
//
[ok]
