# hmmsearch :: search profile(s) against a sequence database
# HMMER 3.1b2 (February 2015); http://hmmer.org/
# Copyright (C) 2015 Howard Hughes Medical Institute.
# Freely distributed under the GNU General Public License (GPLv3).
# - - - - - - - - - - - - - - - - - - - - - - - - - - - - - - - - - - - -
# query HMM file:                  leidreiter_profiles/NMD.hmm
# target sequence database:        /Users/gabefoley/Dropbox/Code/Python_Workspace/phyloisland_2019/RBD_Analysis/results/output/domain_input/tmp/NZ_NITZ01000138.1_info_Xenorhabdus_miraniensis_TcdA1_expanded_position_4356427_4363996_backward
# output directed to file:         /Users/gabefoley/Dropbox/Code/Python_Workspace/phyloisland_2019/RBD_Analysis/results/output/domain_output/NZ_NITZ01000138.1_info_Xenorhabdus_miraniensis_TcdA1_expanded_position_4356427_4363996_backward_profile=NMD.hmm.output
# domain reporting threshold:      score >= 1
# - - - - - - - - - - - - - - - - - - - - - - - - - - - - - - - - - - - -

Query:       Neuraminidase  [M=170]
Accession:   PF18413.1
Description: Neuraminidase-like domain
Scores for complete sequences (score includes all domains):
   --- full sequence ---   --- best 1 domain ---    -#dom-
    E-value  score  bias    E-value  score  bias    exp  N  Sequence                                                                                        Description
    ------- ------ -----    ------- ------ -----   ---- --  --------                                                                                        -----------
      1e-31   96.0   0.9    2.4e-31   94.8   0.9    1.7  1  NZ_NITZ01000138.1_info_Xenorhabdus_miraniensis_TcdA1_expanded_position_4356427_4363996_backward  <unknown description>


Domain annotation for each sequence (and alignments):
>> NZ_NITZ01000138.1_info_Xenorhabdus_miraniensis_TcdA1_expanded_position_4356427_4363996_backward  <unknown description>
   #    score  bias  c-Evalue  i-Evalue hmmfrom  hmm to    alifrom  ali to    envfrom  env to     acc
 ---   ------ ----- --------- --------- ------- -------    ------- -------    ------- -------    ----
   1 !   94.8   0.9   2.4e-31   2.4e-31       1     169 [.    1091    1249 ..    1091    1250 .. 0.91

  Alignments for each domain:
  == domain 1  score: 94.8 bits;  conditional E-value: 2.4e-31
                                                                                    Neuraminidase    1 LevvsgyiekkdnakdtlhffGrtrtaPyrYYyRtldle. 39  
                                                                                                       L+vvs+y+++++++++ ++f+G+tr +   YY+R +d++ 
  NZ_NITZ01000138.1_info_Xenorhabdus_miraniensis_TcdA1_expanded_position_4356427_4363996_backward 1091 LKVVSAYHDNVNSNTGLTWFVGQTRENLPDYYWRNVDISr 1130
                                                                                                       89************************************** PP

                                                                                    Neuraminidase   40 ...gelsanaWspWekidldikeg.eyvrpvvangRlylf 75  
                                                                                                          g+l+anaW++W+kid+++++  + vrpvv+++Rl+l+
  NZ_NITZ01000138.1_info_Xenorhabdus_miraniensis_TcdA1_expanded_position_4356427_4363996_backward 1131 mqaGKLAANAWKEWTKIDTAVSPYkDAVRPVVFRERLHLI 1170
                                                                                                       *********************665689************* PP

                                                                                    Neuraminidase   76 wpefeekakskektvddlgdqttgsseeskweiklawsel 115 
                                                                                                       w+e +   + +e+ +d +++ +         ++ l++++l
  NZ_NITZ01000138.1_info_Xenorhabdus_miraniensis_TcdA1_expanded_position_4356427_4363996_backward 1171 WVEKD---EVAENGTDPVKTYD---------RFILKLAFL 1198
                                                                                                       *****...67777777777777.........9******** PP

                                                                                    Neuraminidase  116 .rdgkWspkqvskdsleleetseeeaekkeslkkvalqas 154 
                                                                                                        +dg+Ws++++++    +++++ + + +k++ ++  l as
  NZ_NITZ01000138.1_info_Xenorhabdus_miraniensis_TcdA1_expanded_position_4356427_4363996_backward 1199 rHDGSWSAPWSYD----ITSQVMAVTGNKPDIERLGLAAS 1234
                                                                                                       *********8888....67777777788899999****** PP

                                                                                    Neuraminidase  155 allskdklelsvftk 169 
                                                                                                        ++++d+l ++v+++
  NZ_NITZ01000138.1_info_Xenorhabdus_miraniensis_TcdA1_expanded_position_4356427_4363996_backward 1235 GYQNEDTLLVFVYKT 1249
                                                                                                       **********99986 PP



Internal pipeline statistics summary:
-------------------------------------
Query model(s):                              1  (170 nodes)
Target sequences:                            1  (2523 residues searched)
Passed MSV filter:                         1  (1); expected 0.0 (0.02)
Passed bias filter:                        1  (1); expected 0.0 (0.02)
Passed Vit filter:                         1  (1); expected 0.0 (0.001)
Passed Fwd filter:                         1  (1); expected 0.0 (1e-05)
Initial search space (Z):                  1  [actual number of targets]
Domain search space  (domZ):               1  [number of targets reported over threshold]
# CPU time: 0.00u 0.00s 00:00:00.00 Elapsed: 00:00:00.01
# Mc/sec: 42.89
//
[ok]
