# hmmsearch :: search profile(s) against a sequence database
# HMMER 3.1b2 (February 2015); http://hmmer.org/
# Copyright (C) 2015 Howard Hughes Medical Institute.
# Freely distributed under the GNU General Public License (GPLv3).
# - - - - - - - - - - - - - - - - - - - - - - - - - - - - - - - - - - - -
# query HMM file:                  leidreiter_profiles/NMD.hmm
# target sequence database:        /Users/gabefoley/Dropbox/PhD/Projects/Phylo_Island/2020/20200309_RBD/20200331_RBD_Notebook/results/All_A_Regions_and_Expanded/domain_input/tmp/NZ_AALD02000179.1_info_Yersinia_mollaretii_TcdA1_expanded_position_2884688_2888219_backward
# output directed to file:         /Users/gabefoley/Dropbox/PhD/Projects/Phylo_Island/2020/20200309_RBD/20200331_RBD_Notebook/results/All_A_Regions_and_Expanded/domain_output/NZ_AALD02000179.1_info_Yersinia_mollaretii_TcdA1_expanded_position_2884688_2888219_backward_profile=NMD.hmm.output
# domain reporting threshold:      score >= 1
# - - - - - - - - - - - - - - - - - - - - - - - - - - - - - - - - - - - -

Query:       Neuraminidase  [M=170]
Accession:   PF18413.1
Description: Neuraminidase-like domain
Scores for complete sequences (score includes all domains):
   --- full sequence ---   --- best 1 domain ---    -#dom-
    E-value  score  bias    E-value  score  bias    exp  N  Sequence                                                                                    Description
    ------- ------ -----    ------- ------ -----   ---- --  --------                                                                                    -----------
    2.1e-23   69.0   3.9      6e-23   67.5   3.9    1.7  1  NZ_AALD02000179.1_info_Yersinia_mollaretii_TcdA1_expanded_position_2884688_2888219_backward  <unknown description>


Domain annotation for each sequence (and alignments):
>> NZ_AALD02000179.1_info_Yersinia_mollaretii_TcdA1_expanded_position_2884688_2888219_backward  <unknown description>
   #    score  bias  c-Evalue  i-Evalue hmmfrom  hmm to    alifrom  ali to    envfrom  env to     acc
 ---   ------ ----- --------- --------- ------- -------    ------- -------    ------- -------    ----
   1 !   67.5   3.9     6e-23     6e-23      12     120 ..     176     273 ..     168     313 .. 0.71

  Alignments for each domain:
  == domain 1  score: 67.5 bits;  conditional E-value: 6e-23
                                                                                Neuraminidase  12 dnakdtlhffGrtrtaPyrYYyRtldle.gelsanaWspW 50 
                                                                                                   ++k+t +f+Gr++++Py+Y++R++    + +++  Ws+W
  NZ_AALD02000179.1_info_Yersinia_mollaretii_TcdA1_expanded_position_2884688_2888219_backward 176 VSEKNTHYFIGRSQHTPYQYFWRSCRKAnQVKEGYIWSEW 215
                                                                                                  4678889*******************9977788889**** PP

                                                                                Neuraminidase  51 ekidldikeg..eyvrpvvangRlylfwpefeekakskek 88 
                                                                                                  +k++++i++   + +r +   +Rly++wp+ e      e 
  NZ_AALD02000179.1_info_Yersinia_mollaretii_TcdA1_expanded_position_2884688_2888219_backward 216 KKVNINIDPLkqSFIRLFWNDNRLYIYWPSTE------EI 249
                                                                                                  *******554213466666677**********......33 PP

                                                                                Neuraminidase  89 tvddlgdqttgsseeskweiklawsel.rdgkW 120
                                                                                                  t++  g++t         +   ++s+   d++W
  NZ_AALD02000179.1_info_Yersinia_mollaretii_TcdA1_expanded_position_2884688_2888219_backward 250 TKSGGGKET---------HNYHNFSYKnDDNTW 273
                                                                                                  333333333.........334466666666666 PP



Internal pipeline statistics summary:
-------------------------------------
Query model(s):                              1  (170 nodes)
Target sequences:                            1  (1177 residues searched)
Passed MSV filter:                         1  (1); expected 0.0 (0.02)
Passed bias filter:                        1  (1); expected 0.0 (0.02)
Passed Vit filter:                         1  (1); expected 0.0 (0.001)
Passed Fwd filter:                         1  (1); expected 0.0 (1e-05)
Initial search space (Z):                  1  [actual number of targets]
Domain search space  (domZ):               1  [number of targets reported over threshold]
# CPU time: 0.00u 0.00s 00:00:00.00 Elapsed: 00:00:00.01
# Mc/sec: 20.01
//
[ok]
