# hmmsearch :: search profile(s) against a sequence database
# HMMER 3.1b2 (February 2015); http://hmmer.org/
# Copyright (C) 2015 Howard Hughes Medical Institute.
# Freely distributed under the GNU General Public License (GPLv3).
# - - - - - - - - - - - - - - - - - - - - - - - - - - - - - - - - - - - -
# query HMM file:                  leidreiter_profiles/NMD.hmm
# target sequence database:        /Users/gabefoley/Dropbox/PhD/Projects/Phylo_Island/2020/20200309_RBD/20200331_RBD_Notebook/results/All_A_Regions_and_Expanded/domain_input/tmp/NZ_CM002331.1_info_Pseudomonas_moraviensis_A1_expanded_position_4638966_4642611_backward_A2_expanded_position_4634773_4638898_backward
# output directed to file:         /Users/gabefoley/Dropbox/PhD/Projects/Phylo_Island/2020/20200309_RBD/20200331_RBD_Notebook/results/All_A_Regions_and_Expanded/domain_output/NZ_CM002331.1_info_Pseudomonas_moraviensis_A1_expanded_position_4638966_4642611_backward_A2_expanded_position_4634773_4638898_backward_profile=NMD.hmm.output
# domain reporting threshold:      score >= 1
# - - - - - - - - - - - - - - - - - - - - - - - - - - - - - - - - - - - -

Query:       Neuraminidase  [M=170]
Accession:   PF18413.1
Description: Neuraminidase-like domain
Scores for complete sequences (score includes all domains):
   --- full sequence ---   --- best 1 domain ---    -#dom-
    E-value  score  bias    E-value  score  bias    exp  N  Sequence                                                                                                                               Description
    ------- ------ -----    ------- ------ -----   ---- --  --------                                                                                                                               -----------
    1.2e-27   82.8   0.0    3.5e-27   81.3   0.0    1.8  1  NZ_CM002331.1_info_Pseudomonas_moraviensis_A1_expanded_position_4638966_4642611_backward_A2_expanded_position_4634773_4638898_backward  


Domain annotation for each sequence (and alignments):
>> NZ_CM002331.1_info_Pseudomonas_moraviensis_A1_expanded_position_4638966_4642611_backward_A2_expanded_position_4634773_4638898_backward  
   #    score  bias  c-Evalue  i-Evalue hmmfrom  hmm to    alifrom  ali to    envfrom  env to     acc
 ---   ------ ----- --------- --------- ------- -------    ------- -------    ------- -------    ----
   1 !   81.3   0.0   3.5e-27   3.5e-27       1     127 [.    1377    1498 ..    1377    1521 .. 0.81

  Alignments for each domain:
  == domain 1  score: 81.3 bits;  conditional E-value: 3.5e-27
                                                                                                                           Neuraminidase    1 LevvsgyiekkdnakdtlhffGrtrtaPyrYYyRtldle. 39  
                                                                                                                                              L+v+s ++++  +ak+ ++f+Gr r +P +Y++R++++e 
  NZ_CM002331.1_info_Pseudomonas_moraviensis_A1_expanded_position_4638966_4642611_backward_A2_expanded_position_4634773_4638898_backward 1377 LDVISCFMDGMTPAKADYYFLGRQRVQPFQYFWRKAEIEl 1416
                                                                                                                                              89************************************** PP

                                                                                                                           Neuraminidase   40 ....gelsanaWspWekidldikegey..vrpvvangRly 73  
                                                                                                                                                   ++++ aWs+W+ ++++  +++   +rpv++ngRl 
  NZ_CM002331.1_info_Pseudomonas_moraviensis_A1_expanded_position_4638966_4642611_backward_A2_expanded_position_4634773_4638898_backward 1417 spasAAVNPAAWSEWQAVEIPT-TNQVldIRPVFWNGRLC 1455
                                                                                                                                              ****9*****************.443345*********** PP

                                                                                                                           Neuraminidase   74 lfwpefeekakskektvddlgdqttgsseeskweiklaws 113 
                                                                                                                                              ++w+e        ++ v++ ++      ++s  ++ ++++
  NZ_CM002331.1_info_Pseudomonas_moraviensis_A1_expanded_position_4638966_4642611_backward_A2_expanded_position_4634773_4638898_backward 1456 VVWAEWR------DAVVGSAAEAF----SPS--KLVINLA 1483
                                                                                                                                              *******......33333333333....333..5666666 PP

                                                                                                                           Neuraminidase  114 el.rdgkWspkqvsk 127 
                                                                                                                                              ++ ++g+Ws++ +  
  NZ_CM002331.1_info_Pseudomonas_moraviensis_A1_expanded_position_4638966_4642611_backward_A2_expanded_position_4634773_4638898_backward 1484 FMtQNGQWSAPLCVH 1498
                                                                                                                                              6668****9996554 PP



Internal pipeline statistics summary:
-------------------------------------
Query model(s):                              1  (170 nodes)
Target sequences:                            1  (2590 residues searched)
Passed MSV filter:                         1  (1); expected 0.0 (0.02)
Passed bias filter:                        1  (1); expected 0.0 (0.02)
Passed Vit filter:                         1  (1); expected 0.0 (0.001)
Passed Fwd filter:                         1  (1); expected 0.0 (1e-05)
Initial search space (Z):                  1  [actual number of targets]
Domain search space  (domZ):               1  [number of targets reported over threshold]
# CPU time: 0.01u 0.00s 00:00:00.01 Elapsed: 00:00:00.01
# Mc/sec: 44.03
//
[ok]
