# hmmsearch :: search profile(s) against a sequence database
# HMMER 3.1b2 (February 2015); http://hmmer.org/
# Copyright (C) 2015 Howard Hughes Medical Institute.
# Freely distributed under the GNU General Public License (GPLv3).
# - - - - - - - - - - - - - - - - - - - - - - - - - - - - - - - - - - - -
# query HMM file:                  leidreiter_profiles/NMD.hmm
# target sequence database:        /Users/gabefoley/Dropbox/PhD/Projects/Phylo_Island/2020/20200309_RBD/20200331_RBD_Notebook/results/All_A_Regions_and_Expanded/domain_input/tmp/NZ_CP017687.1_info_Pseudomonas_lundensis_A1_expanded_position_4544211_4547148_forward_A2_expanded_position_4547368_4552021_forward
# output directed to file:         /Users/gabefoley/Dropbox/PhD/Projects/Phylo_Island/2020/20200309_RBD/20200331_RBD_Notebook/results/All_A_Regions_and_Expanded/domain_output/NZ_CP017687.1_info_Pseudomonas_lundensis_A1_expanded_position_4544211_4547148_forward_A2_expanded_position_4547368_4552021_forward_profile=NMD.hmm.output
# domain reporting threshold:      score >= 1
# - - - - - - - - - - - - - - - - - - - - - - - - - - - - - - - - - - - -

Query:       Neuraminidase  [M=170]
Accession:   PF18413.1
Description: Neuraminidase-like domain
Scores for complete sequences (score includes all domains):
   --- full sequence ---   --- best 1 domain ---    -#dom-
    E-value  score  bias    E-value  score  bias    exp  N  Sequence                                                                                                                           Description
    ------- ------ -----    ------- ------ -----   ---- --  --------                                                                                                                           -----------
    6.7e-26   77.1   0.0    5.1e-25   74.3   0.0    2.3  1  NZ_CP017687.1_info_Pseudomonas_lundensis_A1_expanded_position_4544211_4547148_forward_A2_expanded_position_4547368_4552021_forward  


Domain annotation for each sequence (and alignments):
>> NZ_CP017687.1_info_Pseudomonas_lundensis_A1_expanded_position_4544211_4547148_forward_A2_expanded_position_4547368_4552021_forward  
   #    score  bias  c-Evalue  i-Evalue hmmfrom  hmm to    alifrom  ali to    envfrom  env to     acc
 ---   ------ ----- --------- --------- ------- -------    ------- -------    ------- -------    ----
   1 !   74.3   0.0   5.1e-25   5.1e-25       3     135 ..    1091    1249 ..    1089    1275 .. 0.81

  Alignments for each domain:
  == domain 1  score: 74.3 bits;  conditional E-value: 5.1e-25
                                                                                                                       Neuraminidase    3 vvsgyie..kkdnakdtlhffGrtrtaPyrYYyRtldle. 39  
                                                                                                                                          +v+gy++   ++ a+ +++++G+++ +   +Y+R+ldl  
  NZ_CP017687.1_info_Pseudomonas_lundensis_A1_expanded_position_4544211_4547148_forward_A2_expanded_position_4547368_4552021_forward 1091 TVNGYVDgdANSMAQSRYYLVGKSNGE-NAFYWRSLDLAk 1129
                                                                                                                                          799****5445556666**********.9*********** PP

                                                                                                                       Neuraminidase   40 ..............gelsanaWspWekidldi...kegey 62  
                                                                                                                                                        ++++++aWs+W k  ++     + + 
  NZ_CP017687.1_info_Pseudomonas_lundensis_A1_expanded_position_4544211_4547148_forward_A2_expanded_position_4547368_4552021_forward 1130 qngagstganpsamDASAPTAWSDWRKLPIPAsydIPDQS 1169
                                                                                                                                          ***************************9998866646677 PP

                                                                                                                       Neuraminidase   63 vrpvvangRlylfwpefe......ekakskektvddlgdq 96  
                                                                                                                                          +rpv++n+Rl+++w++ +       +a ++++  d  +++
  NZ_CP017687.1_info_Pseudomonas_lundensis_A1_expanded_position_4544211_4547148_forward_A2_expanded_position_4547368_4552021_forward 1170 IRPVYFNDRLFVVWAQCSqplsalDEAGTPAEGLDIFNPE 1209
                                                                                                                                          ******************9998876677777777777777 PP

                                                                                                                       Neuraminidase   97 ttgsseeskweiklawsel.rdgkWspkqvskdsleleet 135 
                                                                                                                                          +++   ++  +++l++s+l +dg+Ws +q+  d+ ++++ 
  NZ_CP017687.1_info_Pseudomonas_lundensis_A1_expanded_position_4544211_4547148_forward_A2_expanded_position_4547368_4552021_forward 1210 HMQHFIKRYPRLRLYYSFLkLDGSWSCPQICIDEYATSRW 1249
                                                                                                                                          7777777779***************999977655444433 PP



Internal pipeline statistics summary:
-------------------------------------
Query model(s):                              1  (170 nodes)
Target sequences:                            1  (2530 residues searched)
Passed MSV filter:                         1  (1); expected 0.0 (0.02)
Passed bias filter:                        1  (1); expected 0.0 (0.02)
Passed Vit filter:                         1  (1); expected 0.0 (0.001)
Passed Fwd filter:                         1  (1); expected 0.0 (1e-05)
Initial search space (Z):                  1  [actual number of targets]
Domain search space  (domZ):               1  [number of targets reported over threshold]
# CPU time: 0.00u 0.00s 00:00:00.00 Elapsed: 00:00:00.01
# Mc/sec: 43.01
//
[ok]
