# hmmsearch :: search profile(s) against a sequence database
# HMMER 3.1b2 (February 2015); http://hmmer.org/
# Copyright (C) 2015 Howard Hughes Medical Institute.
# Freely distributed under the GNU General Public License (GPLv3).
# - - - - - - - - - - - - - - - - - - - - - - - - - - - - - - - - - - - -
# query HMM file:                  leidreiter_profiles/NMD.hmm
# target sequence database:        /Users/gabefoley/Dropbox/PhD/Projects/Phylo_Island/2020/20200309_RBD/20200331_RBD_Notebook/results/All_A_Regions_and_Expanded/domain_input/tmp/NZ_CP010029.1_info_Yersinia_entomophaga_A1_expanded_position_798387_801879_forward
# output directed to file:         /Users/gabefoley/Dropbox/PhD/Projects/Phylo_Island/2020/20200309_RBD/20200331_RBD_Notebook/results/All_A_Regions_and_Expanded/domain_output/NZ_CP010029.1_info_Yersinia_entomophaga_A1_expanded_position_798387_801879_forward_profile=NMD.hmm.output
# domain reporting threshold:      score >= 1
# - - - - - - - - - - - - - - - - - - - - - - - - - - - - - - - - - - - -

Query:       Neuraminidase  [M=170]
Accession:   PF18413.1
Description: Neuraminidase-like domain
Scores for complete sequences (score includes all domains):
   --- full sequence ---   --- best 1 domain ---    -#dom-
    E-value  score  bias    E-value  score  bias    exp  N  Sequence                                                                           Description
    ------- ------ -----    ------- ------ -----   ---- --  --------                                                                           -----------
    6.3e-35  106.5   0.1    6.3e-35  106.5   0.1    1.9  1  NZ_CP010029.1_info_Yersinia_entomophaga_A1_expanded_position_798387_801879_forward  <unknown description>


Domain annotation for each sequence (and alignments):
>> NZ_CP010029.1_info_Yersinia_entomophaga_A1_expanded_position_798387_801879_forward  <unknown description>
   #    score  bias  c-Evalue  i-Evalue hmmfrom  hmm to    alifrom  ali to    envfrom  env to     acc
 ---   ------ ----- --------- --------- ------- -------    ------- -------    ------- -------    ----
   1 !  106.5   0.1   6.3e-35   6.3e-35       1     136 [.    1330    1464 ..    1330    1488 .. 0.84

  Alignments for each domain:
  == domain 1  score: 106.5 bits;  conditional E-value: 6.3e-35
                                                                       Neuraminidase    1 LevvsgyiekkdnakdtlhffGrtrtaPyrYYyRtldle. 39  
                                                                                          Le+++gy++++d ++d+++f++rtr +PyrY++R+ld++ 
  NZ_CP010029.1_info_Yersinia_entomophaga_A1_expanded_position_798387_801879_forward 1330 LEIIAGYQDGIDIENDKTYFVARTRMQPYRYFWRSLDASq 1369
                                                                                          89************************************** PP

                                                                       Neuraminidase   40 .....gelsanaWspWekidldikegey..vrpvvangRl 72  
                                                                                               +el ++aWs+W+ i++++++     vrp+++ +Rl
  NZ_CP010029.1_info_Yersinia_entomophaga_A1_expanded_position_798387_801879_forward 1370 rnansQELYPTAWSEWKAISVPLENVANgiVRPIMMDNRL 1409
                                                                                          ***********************3333356********** PP

                                                                       Neuraminidase   73 ylfwpefeekakskektvddlgdqttgsseeskweiklaw 112 
                                                                                          y+ w+e++     +ek++d++g+      ++ ++++k+++
  NZ_CP010029.1_info_Yersinia_entomophaga_A1_expanded_position_798387_801879_forward 1410 YISWFEVA-----EEKETDSDGNII----VSGRYRTKIRL 1440
                                                                                          ********.....444444444444....4556******* PP

                                                                       Neuraminidase  113 sel.rdgkWspkqvskdsleleets 136 
                                                                                          ++l +dg Ws+ +++++++ l +++
  NZ_CP010029.1_info_Yersinia_entomophaga_A1_expanded_position_798387_801879_forward 1441 AHLgFDGVWSSGTTLREEV-LADQM 1464
                                                                                          **********999999666.33333 PP



Internal pipeline statistics summary:
-------------------------------------
Query model(s):                              1  (170 nodes)
Target sequences:                            1  (2528 residues searched)
Passed MSV filter:                         1  (1); expected 0.0 (0.02)
Passed bias filter:                        1  (1); expected 0.0 (0.02)
Passed Vit filter:                         1  (1); expected 0.0 (0.001)
Passed Fwd filter:                         1  (1); expected 0.0 (1e-05)
Initial search space (Z):                  1  [actual number of targets]
Domain search space  (domZ):               1  [number of targets reported over threshold]
# CPU time: 0.00u 0.01s 00:00:00.01 Elapsed: 00:00:00.01
# Mc/sec: 42.98
//
[ok]
