# hmmsearch :: search profile(s) against a sequence database
# HMMER 3.1b2 (February 2015); http://hmmer.org/
# Copyright (C) 2015 Howard Hughes Medical Institute.
# Freely distributed under the GNU General Public License (GPLv3).
# - - - - - - - - - - - - - - - - - - - - - - - - - - - - - - - - - - - -
# query HMM file:                  leidreiter_profiles/NMD.hmm
# target sequence database:        /Users/gabefoley/Dropbox/PhD/Projects/Phylo_Island/2020/20200309_RBD/20200331_RBD_Notebook/results/All_A_Regions_and_Expanded/domain_input/tmp/NZ_CP031146.1_info_Pseudomonas_plecoglossicida_TcdA1_expanded_position_1075333_1082872_backward
# output directed to file:         /Users/gabefoley/Dropbox/PhD/Projects/Phylo_Island/2020/20200309_RBD/20200331_RBD_Notebook/results/All_A_Regions_and_Expanded/domain_output/NZ_CP031146.1_info_Pseudomonas_plecoglossicida_TcdA1_expanded_position_1075333_1082872_backward_profile=NMD.hmm.output
# domain reporting threshold:      score >= 1
# - - - - - - - - - - - - - - - - - - - - - - - - - - - - - - - - - - - -

Query:       Neuraminidase  [M=170]
Accession:   PF18413.1
Description: Neuraminidase-like domain
Scores for complete sequences (score includes all domains):
   --- full sequence ---   --- best 1 domain ---    -#dom-
    E-value  score  bias    E-value  score  bias    exp  N  Sequence                                                                                        Description
    ------- ------ -----    ------- ------ -----   ---- --  --------                                                                                        -----------
    8.3e-30   89.8   1.6    2.3e-29   88.4   1.6    1.7  1  NZ_CP031146.1_info_Pseudomonas_plecoglossicida_TcdA1_expanded_position_1075333_1082872_backward  <unknown description>


Domain annotation for each sequence (and alignments):
>> NZ_CP031146.1_info_Pseudomonas_plecoglossicida_TcdA1_expanded_position_1075333_1082872_backward  <unknown description>
   #    score  bias  c-Evalue  i-Evalue hmmfrom  hmm to    alifrom  ali to    envfrom  env to     acc
 ---   ------ ----- --------- --------- ------- -------    ------- -------    ------- -------    ----
   1 !   88.4   1.6   2.3e-29   2.3e-29       1     124 [.    1090    1211 ..    1090    1231 .. 0.81

  Alignments for each domain:
  == domain 1  score: 88.4 bits;  conditional E-value: 2.3e-29
                                                                                    Neuraminidase    1 LevvsgyiekkdnakdtlhffGrtrtaPyrYYyRtldle. 39  
                                                                                                       Le++s+y+++ d+++++ +++Gr+r +P+rY++Rt++   
  NZ_CP031146.1_info_Pseudomonas_plecoglossicida_TcdA1_expanded_position_1075333_1082872_backward 1090 LETISAYHDSRDASEGKSWLVGRSRGEPHRYWWRTVNETk 1129
                                                                                                       899************************************* PP

                                                                                    Neuraminidase   40 ....gelsanaWspWekidldi.kegeyvrpvvangRlyl 74  
                                                                                                           g l anaWs W+ki+l+   +g+ +rpvv++gRl+l
  NZ_CP031146.1_info_Pseudomonas_plecoglossicida_TcdA1_expanded_position_1075333_1082872_backward 1130 rgaeGVLPANAWSAWTKIELAPqVQGRLIRPVVFRGRLHL 1169
                                                                                                       ********************87447899************ PP

                                                                                    Neuraminidase   75 fwpefeekakskektvddlgdqttgsseesk...weikla 111 
                                                                                                        w+e++      e+ ++ +++ +    ++ +   w +kla
  NZ_CP031146.1_info_Pseudomonas_plecoglossicida_TcdA1_expanded_position_1075333_1082872_backward 1170 GWVERQ------EQIISRNDKGQ----PALRdwrWSFKLA 1199
                                                                                                       ******......22222222222....1222222777777 PP

                                                                                    Neuraminidase  112 wselrdgkWspkq 124 
                                                                                                       w  + dgkWs++ 
  NZ_CP031146.1_info_Pseudomonas_plecoglossicida_TcdA1_expanded_position_1075333_1082872_backward 1200 WLRY-DGKWSAPI 1211
                                                                                                       7666.*****995 PP



Internal pipeline statistics summary:
-------------------------------------
Query model(s):                              1  (170 nodes)
Target sequences:                            1  (2513 residues searched)
Passed MSV filter:                         1  (1); expected 0.0 (0.02)
Passed bias filter:                        1  (1); expected 0.0 (0.02)
Passed Vit filter:                         1  (1); expected 0.0 (0.001)
Passed Fwd filter:                         1  (1); expected 0.0 (1e-05)
Initial search space (Z):                  1  [actual number of targets]
Domain search space  (domZ):               1  [number of targets reported over threshold]
# CPU time: 0.00u 0.00s 00:00:00.00 Elapsed: 00:00:00.01
# Mc/sec: 42.72
//
[ok]
