# hmmsearch :: search profile(s) against a sequence database
# HMMER 3.1b2 (February 2015); http://hmmer.org/
# Copyright (C) 2015 Howard Hughes Medical Institute.
# Freely distributed under the GNU General Public License (GPLv3).
# - - - - - - - - - - - - - - - - - - - - - - - - - - - - - - - - - - - -
# query HMM file:                  leidreiter_profiles/RBD_D.hmm
# target sequence database:        /Users/gabefoley/Dropbox/PhD/Projects/Phylo_Island/2020/20200309_RBD/20200331_RBD_Notebook/results/All_A_Regions_and_Expanded/domain_input/tmp/NZ_JYLH01000043.1_info_Pseudomonas_libanensis_A1_expanded_position_1768953_1771785_forward_A2_expanded_position_1771790_1776629_forward
# output directed to file:         /Users/gabefoley/Dropbox/PhD/Projects/Phylo_Island/2020/20200309_RBD/20200331_RBD_Notebook/results/All_A_Regions_and_Expanded/domain_output/NZ_JYLH01000043.1_info_Pseudomonas_libanensis_A1_expanded_position_1768953_1771785_forward_A2_expanded_position_1771790_1776629_forward_profile=RBD_D.hmm.output
# domain reporting threshold:      score >= 1
# - - - - - - - - - - - - - - - - - - - - - - - - - - - - - - - - - - - -

Query:       TcA_RBD  [M=131]
Accession:   PF18518.1
Description: TcA receptor binding domain
Scores for complete sequences (score includes all domains):
   --- full sequence ---   --- best 1 domain ---    -#dom-
    E-value  score  bias    E-value  score  bias    exp  N  Sequence Description
    ------- ------ -----    ------- ------ -----   ---- --  -------- -----------

   [No hits detected that satisfy reporting thresholds]


Domain annotation for each sequence (and alignments):

   [No targets detected that satisfy reporting thresholds]


Internal pipeline statistics summary:
-------------------------------------
Query model(s):                              1  (131 nodes)
Target sequences:                            1  (2557 residues searched)
Passed MSV filter:                         0  (0); expected 0.0 (0.02)
Passed bias filter:                        0  (0); expected 0.0 (0.02)
Passed Vit filter:                         0  (0); expected 0.0 (0.001)
Passed Fwd filter:                         0  (0); expected 0.0 (1e-05)
Initial search space (Z):                  1  [actual number of targets]
Domain search space  (domZ):               0  [number of targets reported over threshold]
# CPU time: 0.00u 0.00s 00:00:00.00 Elapsed: 00:00:00.00
# Mc/sec: inf
//
[ok]
