# hmmsearch :: search profile(s) against a sequence database
# HMMER 3.1b2 (February 2015); http://hmmer.org/
# Copyright (C) 2015 Howard Hughes Medical Institute.
# Freely distributed under the GNU General Public License (GPLv3).
# - - - - - - - - - - - - - - - - - - - - - - - - - - - - - - - - - - - -
# query HMM file:                  leidreiter_profiles/NMD.hmm
# target sequence database:        /Users/gabefoley/Dropbox/PhD/Projects/Phylo_Island/2020/20200309_RBD/20200331_RBD_Notebook/results/All_A_Regions_and_Expanded/domain_input/tmp/NZ_NJAK01000005.1_info_Xenorhabdus_ishibashii_A1_expanded_position_697368_700839_forward
# output directed to file:         /Users/gabefoley/Dropbox/PhD/Projects/Phylo_Island/2020/20200309_RBD/20200331_RBD_Notebook/results/All_A_Regions_and_Expanded/domain_output/NZ_NJAK01000005.1_info_Xenorhabdus_ishibashii_A1_expanded_position_697368_700839_forward_profile=NMD.hmm.output
# domain reporting threshold:      score >= 1
# - - - - - - - - - - - - - - - - - - - - - - - - - - - - - - - - - - - -

Query:       Neuraminidase  [M=170]
Accession:   PF18413.1
Description: Neuraminidase-like domain
Scores for complete sequences (score includes all domains):
   --- full sequence ---   --- best 1 domain ---    -#dom-
    E-value  score  bias    E-value  score  bias    exp  N  Sequence                                                                                 Description
    ------- ------ -----    ------- ------ -----   ---- --  --------                                                                                 -----------
    6.9e-39  119.4   1.0    6.9e-39  119.4   1.0    1.8  1  NZ_NJAK01000005.1_info_Xenorhabdus_ishibashii_A1_expanded_position_697368_700839_forward  <unknown description>


Domain annotation for each sequence (and alignments):
>> NZ_NJAK01000005.1_info_Xenorhabdus_ishibashii_A1_expanded_position_697368_700839_forward  <unknown description>
   #    score  bias  c-Evalue  i-Evalue hmmfrom  hmm to    alifrom  ali to    envfrom  env to     acc
 ---   ------ ----- --------- --------- ------- -------    ------- -------    ------- -------    ----
   1 !  119.4   1.0   6.9e-39   6.9e-39       1     129 [.    1326    1472 ..    1326    1494 .. 0.85

  Alignments for each domain:
  == domain 1  score: 119.4 bits;  conditional E-value: 6.9e-39
                                                                             Neuraminidase    1 LevvsgyiekkdnakdtlhffGrtrtaPyrYYyRtldle. 39  
                                                                                                L+v++gy ++++ + d+++f+Grtrt+Py+YY+R+l+l+ 
  NZ_NJAK01000005.1_info_Xenorhabdus_ishibashii_A1_expanded_position_697368_700839_forward 1326 LKVIAGYEDGVNIKHDKFFFVGRTRTQPYQYYWRSLNLSi 1365
                                                                                                89************************************** PP

                                                                             Neuraminidase   40 .....gelsanaWspWekidldi..kegeyvrpvvangRl 72  
                                                                                                     ++ls+naWs+W++idl++   + + +rp++ n+Rl
  NZ_NJAK01000005.1_info_Xenorhabdus_ishibashii_A1_expanded_position_697368_700839_forward 1366 rhpdtDALSPNAWSEWKPIDLPLgsVDPNLIRPIFLNNRL 1405
                                                                                                ***********************7544467********** PP

                                                                             Neuraminidase   73 ylfwpefeekakskektvddlgdqttgsseesk....... 105 
                                                                                                y++w+e+ee++++k++t   l +q+t+s+ +++       
  NZ_NJAK01000005.1_info_Xenorhabdus_ishibashii_A1_expanded_position_697368_700839_forward 1406 YIAWTEVEEQSEKKDTTALLLHNQNTESRYTPTasdwvpp 1445
                                                                                                ********99999999988888888776666666777777 PP

                                                                             Neuraminidase  106 ..weiklawsel.rdgkWspkqvskds 129 
                                                                                                  + +++++++  +dg+Ws++++++++
  NZ_NJAK01000005.1_info_Xenorhabdus_ishibashii_A1_expanded_position_697368_700839_forward 1446 kpFLTRIKIAYAkYDGSWSTPTILRED 1472
                                                                                                89555556666656******9998833 PP



Internal pipeline statistics summary:
-------------------------------------
Query model(s):                              1  (170 nodes)
Target sequences:                            1  (2551 residues searched)
Passed MSV filter:                         1  (1); expected 0.0 (0.02)
Passed bias filter:                        1  (1); expected 0.0 (0.02)
Passed Vit filter:                         1  (1); expected 0.0 (0.001)
Passed Fwd filter:                         1  (1); expected 0.0 (1e-05)
Initial search space (Z):                  1  [actual number of targets]
Domain search space  (domZ):               1  [number of targets reported over threshold]
# CPU time: 0.00u 0.01s 00:00:00.01 Elapsed: 00:00:00.01
# Mc/sec: 43.37
//
[ok]
