# hmmsearch :: search profile(s) against a sequence database
# HMMER 3.1b2 (February 2015); http://hmmer.org/
# Copyright (C) 2015 Howard Hughes Medical Institute.
# Freely distributed under the GNU General Public License (GPLv3).
# - - - - - - - - - - - - - - - - - - - - - - - - - - - - - - - - - - - -
# query HMM file:                  leidreiter_profiles/NMD.hmm
# target sequence database:        /Users/gabefoley/Dropbox/PhD/Projects/Phylo_Island/2020/20200309_RBD/20200331_RBD_Notebook/results/All_A_Regions_and_Expanded/domain_input/tmp/NZ_UGTQ01000009.1_info_Proteus_penneri_TcdA1_expanded_position_3392479_3399346_backward
# output directed to file:         /Users/gabefoley/Dropbox/PhD/Projects/Phylo_Island/2020/20200309_RBD/20200331_RBD_Notebook/results/All_A_Regions_and_Expanded/domain_output/NZ_UGTQ01000009.1_info_Proteus_penneri_TcdA1_expanded_position_3392479_3399346_backward_profile=NMD.hmm.output
# domain reporting threshold:      score >= 1
# - - - - - - - - - - - - - - - - - - - - - - - - - - - - - - - - - - - -

Query:       Neuraminidase  [M=170]
Accession:   PF18413.1
Description: Neuraminidase-like domain
Scores for complete sequences (score includes all domains):
   --- full sequence ---   --- best 1 domain ---    -#dom-
    E-value  score  bias    E-value  score  bias    exp  N  Sequence                                                                                Description
    ------- ------ -----    ------- ------ -----   ---- --  --------                                                                                -----------
    1.2e-31   95.8   2.9    3.4e-31   94.4   2.9    1.8  1  NZ_UGTQ01000009.1_info_Proteus_penneri_TcdA1_expanded_position_3392479_3399346_backward  <unknown description>


Domain annotation for each sequence (and alignments):
>> NZ_UGTQ01000009.1_info_Proteus_penneri_TcdA1_expanded_position_3392479_3399346_backward  <unknown description>
   #    score  bias  c-Evalue  i-Evalue hmmfrom  hmm to    alifrom  ali to    envfrom  env to     acc
 ---   ------ ----- --------- --------- ------- -------    ------- -------    ------- -------    ----
   1 !   94.4   2.9   3.4e-31   3.4e-31       1     136 [.     942    1079 ..     942    1117 .. 0.81

  Alignments for each domain:
  == domain 1  score: 94.4 bits;  conditional E-value: 3.4e-31
                                                                            Neuraminidase    1 LevvsgyiekkdnakdtlhffGrtrtaPyrYYyRtldle. 39  
                                                                                               L+v+sgy++++  ++++++f+G+  ++ ++YY+R++d++ 
  NZ_UGTQ01000009.1_info_Proteus_penneri_TcdA1_expanded_position_3392479_3399346_backward  942 LDVISGYHDGVTLEDGKTYFIGHNASEKASYYWRSADHSk 981 
                                                                                               89************************************** PP

                                                                            Neuraminidase   40 ...gelsanaWspWekidldikeg.eyvrpvvangRlylf 75  
                                                                                                  g ++anaW++W+ki+   ++  + +rpv++n+Rly++
  NZ_UGTQ01000009.1_info_Proteus_penneri_TcdA1_expanded_position_3392479_3399346_backward  982 ikkGVMAANAWTEWTKIENGANPYnNLIRPVIFNNRLYVA 1021
                                                                                               *********************777577************* PP

                                                                            Neuraminidase   76 wpefeekakskektvddlgdqttgsseeskweiklawsel 115 
                                                                                               w e++   + ++ ++++++++t +++ +++ +++l++s++
  NZ_UGTQ01000009.1_info_Proteus_penneri_TcdA1_expanded_position_3392479_3399346_backward 1022 WIERK---EVENREIENKEKTT-SVPISKQAHYSLNLSHI 1057
                                                                                               *****...67777777777666.44555559********* PP

                                                                            Neuraminidase  116 .rdgkWspkqvskdsleleets 136 
                                                                                                +dg+Ws +   + s ++ e++
  NZ_UGTQ01000009.1_info_Proteus_penneri_TcdA1_expanded_position_3392479_3399346_backward 1058 rYDGTWSLPIDFQFSNNIIEKK 1079
                                                                                               *******996444222223333 PP



Internal pipeline statistics summary:
-------------------------------------
Query model(s):                              1  (170 nodes)
Target sequences:                            1  (2289 residues searched)
Passed MSV filter:                         1  (1); expected 0.0 (0.02)
Passed bias filter:                        1  (1); expected 0.0 (0.02)
Passed Vit filter:                         1  (1); expected 0.0 (0.001)
Passed Fwd filter:                         1  (1); expected 0.0 (1e-05)
Initial search space (Z):                  1  [actual number of targets]
Domain search space  (domZ):               1  [number of targets reported over threshold]
# CPU time: 0.00u 0.01s 00:00:00.01 Elapsed: 00:00:00.01
# Mc/sec: 38.91
//
[ok]
