# hmmsearch :: search profile(s) against a sequence database
# HMMER 3.1b2 (February 2015); http://hmmer.org/
# Copyright (C) 2015 Howard Hughes Medical Institute.
# Freely distributed under the GNU General Public License (GPLv3).
# - - - - - - - - - - - - - - - - - - - - - - - - - - - - - - - - - - - -
# query HMM file:                  leidreiter_profiles/NMD.hmm
# target sequence database:        /Users/gabefoley/Dropbox/PhD/Projects/Phylo_Island/2020/20200309_RBD/20200331_RBD_Notebook/results/All_A_Regions_w_Leidreiter_A_regions_multiples_tagged_and_Expanded/domain_input/tmp/CP_009451.1_info_Cedecea_neteri_A1_expanded_position_724025_727232_forward
# output directed to file:         /Users/gabefoley/Dropbox/PhD/Projects/Phylo_Island/2020/20200309_RBD/20200331_RBD_Notebook/results/All_A_Regions_w_Leidreiter_A_regions_multiples_tagged_and_Expanded/domain_output/CP_009451.1_info_Cedecea_neteri_A1_expanded_position_724025_727232_forward_profile=NMD.hmm.output
# domain reporting threshold:      score >= 1
# - - - - - - - - - - - - - - - - - - - - - - - - - - - - - - - - - - - -

Query:       Neuraminidase  [M=170]
Accession:   PF18413.1
Description: Neuraminidase-like domain
Scores for complete sequences (score includes all domains):
   --- full sequence ---   --- best 1 domain ---    -#dom-
    E-value  score  bias    E-value  score  bias    exp  N  Sequence                                                                   Description
    ------- ------ -----    ------- ------ -----   ---- --  --------                                                                   -----------
    7.7e-35  106.2   0.0    1.7e-34  105.1   0.0    1.6  1  CP_009451.1_info_Cedecea_neteri_A1_expanded_position_724025_727232_forward  <unknown description>


Domain annotation for each sequence (and alignments):
>> CP_009451.1_info_Cedecea_neteri_A1_expanded_position_724025_727232_forward  <unknown description>
   #    score  bias  c-Evalue  i-Evalue hmmfrom  hmm to    alifrom  ali to    envfrom  env to     acc
 ---   ------ ----- --------- --------- ------- -------    ------- -------    ------- -------    ----
   1 !  105.1   0.0   1.7e-34   1.7e-34       1     143 [.    1232    1394 ..    1232    1420 .. 0.80

  Alignments for each domain:
  == domain 1  score: 105.1 bits;  conditional E-value: 1.7e-34
                                                               Neuraminidase    1 Levvsgyie.......kkdnakdtlhffGrtrtaPyrYYy 33  
                                                                                  Lev++gyi        ++  ++++++f+Grt+t+Py+YY+
  CP_009451.1_info_Cedecea_neteri_A1_expanded_position_724025_727232_forward 1232 LEVINGYITqtgmaggENLINDAQFYFIGRTTTKPYQYYW 1271
                                                                                  899*****9999999888888999**************** PP

                                                               Neuraminidase   34 Rtldle........gelsanaWspWekidldikegey... 62  
                                                                                  R +dl+        +++++n+W++W  idl++ +g+    
  CP_009451.1_info_Cedecea_neteri_A1_expanded_position_724025_727232_forward 1272 RMMDLSknqgnpggKAVTPNCWNDWAAIDLPL-SGDGile 1310
                                                                                  ********************************.5544445 PP

                                                               Neuraminidase   63 ..vrpvvangRlylfwpefeekakskektvddlgdqttgs 100 
                                                                                    +rp+++n+Rly+ w++++ ++++  + ++ l++ + + 
  CP_009451.1_info_Cedecea_neteri_A1_expanded_position_724025_727232_forward 1311 htIRPAFYNNRLYICWATRD-ATPRVGDGTEFLASGNGNL 1349
                                                                                  55******************.7888888888877777666 PP

                                                               Neuraminidase  101 seesk..weiklawsel.rdgkWspkqvskdsleleetse 137 
                                                                                  +   +  + + l++++l +dgkW+++++ +  ++    ++
  CP_009451.1_info_Cedecea_neteri_A1_expanded_position_724025_727232_forward 1350 KMDGSeyYAYGLSYAYLrFDGKWTAPNTAD-MVTNGALTD 1388
                                                                                  6655567*******************8777.333322222 PP

                                                               Neuraminidase  138 eeaekk 143 
                                                                                  ++++k+
  CP_009451.1_info_Cedecea_neteri_A1_expanded_position_724025_727232_forward 1389 DNKNKI 1394
                                                                                  222222 PP



Internal pipeline statistics summary:
-------------------------------------
Query model(s):                              1  (170 nodes)
Target sequences:                            1  (2673 residues searched)
Passed MSV filter:                         1  (1); expected 0.0 (0.02)
Passed bias filter:                        1  (1); expected 0.0 (0.02)
Passed Vit filter:                         1  (1); expected 0.0 (0.001)
Passed Fwd filter:                         1  (1); expected 0.0 (1e-05)
Initial search space (Z):                  1  [actual number of targets]
Domain search space  (domZ):               1  [number of targets reported over threshold]
# CPU time: 0.01u 0.01s 00:00:00.02 Elapsed: 00:00:00.01
# Mc/sec: 45.44
//
[ok]
