# hmmsearch :: search profile(s) against a sequence database
# HMMER 3.1b2 (February 2015); http://hmmer.org/
# Copyright (C) 2015 Howard Hughes Medical Institute.
# Freely distributed under the GNU General Public License (GPLv3).
# - - - - - - - - - - - - - - - - - - - - - - - - - - - - - - - - - - - -
# query HMM file:                  leidreiter_profiles/RBD_B.hmm
# target sequence database:        /Users/gabefoley/Dropbox/PhD/Projects/Phylo_Island/2020/20200309_RBD/20200331_RBD_Notebook/results/All_A_Regions_w_Leidreiter_A_regions_multiples_tagged_and_Expanded/domain_input/tmp/NC_020418.1_info_Morganella_morganii-B_TcdA1_expanded_position_1872868_1880275_backward
# output directed to file:         /Users/gabefoley/Dropbox/PhD/Projects/Phylo_Island/2020/20200309_RBD/20200331_RBD_Notebook/results/All_A_Regions_w_Leidreiter_A_regions_multiples_tagged_and_Expanded/domain_output/NC_020418.1_info_Morganella_morganii-B_TcdA1_expanded_position_1872868_1880275_backward_profile=RBD_B.hmm.output
# domain reporting threshold:      score >= 1
# - - - - - - - - - - - - - - - - - - - - - - - - - - - - - - - - - - - -

Query:       RBD_B  [M=125]
Scores for complete sequences (score includes all domains):
   --- full sequence ---   --- best 1 domain ---    -#dom-
    E-value  score  bias    E-value  score  bias    exp  N  Sequence                                                                                Description
    ------- ------ -----    ------- ------ -----   ---- --  --------                                                                                -----------
    2.5e-35  107.6   3.5    3.9e-21   61.7   0.0    2.6  2  NC_020418.1_info_Morganella_morganii-B_TcdA1_expanded_position_1872868_1880275_backward  <unknown description>


Domain annotation for each sequence (and alignments):
>> NC_020418.1_info_Morganella_morganii-B_TcdA1_expanded_position_1872868_1880275_backward  <unknown description>
   #    score  bias  c-Evalue  i-Evalue hmmfrom  hmm to    alifrom  ali to    envfrom  env to     acc
 ---   ------ ----- --------- --------- ------- -------    ------- -------    ------- -------    ----
   1 !   44.7   1.8     7e-16     7e-16       1      79 [.    1276    1346 ..    1276    1368 .. 0.82
   2 !   61.7   0.0   3.9e-21   3.9e-21      54     124 ..    1453    1527 ..    1430    1528 .. 0.90

  Alignments for each domain:
  == domain 1  score: 44.7 bits;  conditional E-value: 7e-16
                                                                                    RBD_B    1 qeedkEidsvisklksydwgdytLstvsegnipaislkvt 40  
                                                                                               qe++kEid+vis+      gdyt++t  e++i+a++l++t
  NC_020418.1_info_Morganella_morganii-B_TcdA1_expanded_position_1872868_1880275_backward 1276 QEGNKEIDLVISH------GDYTVKT--ENSISALILNPT 1307
                                                                                               79***********......*******..************ PP

                                                                                    RBD_B   41 ssdlkitisPklrinfikk...islliklgskkveltaek 77  
                                                                                               +   +i+i+P++++n+i+     + + +l+s+  ++ a +
  NC_020418.1_info_Morganella_morganii-B_TcdA1_expanded_position_1872868_1880275_backward 1308 A---YINITPYKLFNYIPDfyrKKYITHLNSHSGTVYAPE 1344
                                                                                               *...*************98665445555555555555555 PP

                                                                                    RBD_B   78 dv 79  
                                                                                               + 
  NC_020418.1_info_Morganella_morganii-B_TcdA1_expanded_position_1872868_1880275_backward 1345 SK 1346
                                                                                               55 PP

  == domain 2  score: 61.7 bits;  conditional E-value: 3.9e-21
                                                                                    RBD_B   54 infikkislliklgskkveltaekdvavk....Psnssde 89  
                                                                                               i+ +  is++i+l+s+k+e+++++dv+++    P++s+++
  NC_020418.1_info_Morganella_morganii-B_TcdA1_expanded_position_1872868_1880275_backward 1453 ISSDD-ISIEIELNSTKFETITGSDVGLRpplyPTVSRET 1491
                                                                                               33333.9**********************9999******* PP

                                                                                    RBD_B   90 layqFnkleidiselafinni.asidvtfkalakka 124 
                                                                                               la++F+kl+i+i+++a+inn+ ++i+v+fk++++ a
  NC_020418.1_info_Morganella_morganii-B_TcdA1_expanded_position_1872868_1880275_backward 1492 LAFPFGKLSITIPAGADINNLdCTIKVRFKNTDVLA 1527
                                                                                               ********************************9876 PP



Internal pipeline statistics summary:
-------------------------------------
Query model(s):                              1  (125 nodes)
Target sequences:                            1  (2469 residues searched)
Passed MSV filter:                         1  (1); expected 0.0 (0.02)
Passed bias filter:                        1  (1); expected 0.0 (0.02)
Passed Vit filter:                         1  (1); expected 0.0 (0.001)
Passed Fwd filter:                         1  (1); expected 0.0 (1e-05)
Initial search space (Z):                  1  [actual number of targets]
Domain search space  (domZ):               1  [number of targets reported over threshold]
# CPU time: 0.01u 0.01s 00:00:00.02 Elapsed: 00:00:00.01
# Mc/sec: 30.86
//
[ok]
