# hmmsearch :: search profile(s) against a sequence database
# HMMER 3.1b2 (February 2015); http://hmmer.org/
# Copyright (C) 2015 Howard Hughes Medical Institute.
# Freely distributed under the GNU General Public License (GPLv3).
# - - - - - - - - - - - - - - - - - - - - - - - - - - - - - - - - - - - -
# query HMM file:                  leidreiter_profiles/NMD.hmm
# target sequence database:        /Users/gabefoley/Dropbox/PhD/Projects/Phylo_Island/2020/20200309_RBD/20200331_RBD_Notebook/results/All_A_Regions_w_Leidreiter_A_regions_multiples_tagged_and_Expanded/domain_input/tmp/NC_020418.1_info_Morganella_morganii-A_TcdA1_expanded_position_2005504_2009848_backward
# output directed to file:         /Users/gabefoley/Dropbox/PhD/Projects/Phylo_Island/2020/20200309_RBD/20200331_RBD_Notebook/results/All_A_Regions_w_Leidreiter_A_regions_multiples_tagged_and_Expanded/domain_output/NC_020418.1_info_Morganella_morganii-A_TcdA1_expanded_position_2005504_2009848_backward_profile=NMD.hmm.output
# domain reporting threshold:      score >= 1
# - - - - - - - - - - - - - - - - - - - - - - - - - - - - - - - - - - - -

Query:       Neuraminidase  [M=170]
Accession:   PF18413.1
Description: Neuraminidase-like domain
Scores for complete sequences (score includes all domains):
   --- full sequence ---   --- best 1 domain ---    -#dom-
    E-value  score  bias    E-value  score  bias    exp  N  Sequence                                                                                Description
    ------- ------ -----    ------- ------ -----   ---- --  --------                                                                                -----------
    1.1e-34  105.7   1.7    2.3e-34  104.6   1.7    1.6  1  NC_020418.1_info_Morganella_morganii-A_TcdA1_expanded_position_2005504_2009848_backward  <unknown description>


Domain annotation for each sequence (and alignments):
>> NC_020418.1_info_Morganella_morganii-A_TcdA1_expanded_position_2005504_2009848_backward  <unknown description>
   #    score  bias  c-Evalue  i-Evalue hmmfrom  hmm to    alifrom  ali to    envfrom  env to     acc
 ---   ------ ----- --------- --------- ------- -------    ------- -------    ------- -------    ----
   1 !  104.6   1.7   2.3e-34   2.3e-34       1     168 [.    1065    1217 ..    1065    1219 .. 0.84

  Alignments for each domain:
  == domain 1  score: 104.6 bits;  conditional E-value: 2.3e-34
                                                                            Neuraminidase    1 LevvsgyiekkdnakdtlhffGrtrtaPyrYYyRtldle. 39  
                                                                                               L+vvsgy++ +d ++++++f+G ++t+P +YY+R++d++ 
  NC_020418.1_info_Morganella_morganii-A_TcdA1_expanded_position_2005504_2009848_backward 1065 LKVVSGYHDAVDIDEGNTWFIGASQTEPKKYYWRKADHSk 1104
                                                                                               89************************************** PP

                                                                            Neuraminidase   40 ...gelsanaWspWekidldikeg.eyvrpvvangRlylf 75  
                                                                                                  g+++anaWs+W++i++++++  + vrpv++++Rlyl 
  NC_020418.1_info_Morganella_morganii-A_TcdA1_expanded_position_2005504_2009848_backward 1105 cqnGHFAANAWSDWKEITCAVNPYqDMVRPVIFRSRLYLL 1144
                                                                                               *********************776788************* PP

                                                                            Neuraminidase   76 wpefeekakskektvddlgdqttgsseeskweiklawsel 115 
                                                                                               w+e +       k+ + ++d +          ++l+++++
  NC_020418.1_info_Morganella_morganii-A_TcdA1_expanded_position_2005504_2009848_backward 1145 WVEEQ-----VRKDGEGKKDIS---------SFTLKLTHI 1170
                                                                                               ***99.....555666666666.........79******* PP

                                                                            Neuraminidase  116 .rdgkWspkqvskdsleleetseeeaekkeslkkvalqas 154 
                                                                                                +dg+W+++ +++ + e+++++++       ++++al ++
  NC_020418.1_info_Morganella_morganii-A_TcdA1_expanded_position_2005504_2009848_backward 1171 kYDGSWASPFSYDVTNEFNNQPQK-------KQDKALYCA 1203
                                                                                               *********888844444444444.......455666777 PP

                                                                            Neuraminidase  155 allskdklelsvft 168 
                                                                                               + + kd++++++++
  NC_020418.1_info_Morganella_morganii-A_TcdA1_expanded_position_2005504_2009848_backward 1204 TNTAKDTITVVCYK 1217
                                                                                               77777777777776 PP



Internal pipeline statistics summary:
-------------------------------------
Query model(s):                              1  (170 nodes)
Target sequences:                            1  (1448 residues searched)
Passed MSV filter:                         1  (1); expected 0.0 (0.02)
Passed bias filter:                        1  (1); expected 0.0 (0.02)
Passed Vit filter:                         1  (1); expected 0.0 (0.001)
Passed Fwd filter:                         1  (1); expected 0.0 (1e-05)
Initial search space (Z):                  1  [actual number of targets]
Domain search space  (domZ):               1  [number of targets reported over threshold]
# CPU time: 0.01u 0.00s 00:00:00.01 Elapsed: 00:00:00.01
# Mc/sec: 24.62
//
[ok]
