# hmmsearch :: search profile(s) against a sequence database
# HMMER 3.1b2 (February 2015); http://hmmer.org/
# Copyright (C) 2015 Howard Hughes Medical Institute.
# Freely distributed under the GNU General Public License (GPLv3).
# - - - - - - - - - - - - - - - - - - - - - - - - - - - - - - - - - - - -
# query HMM file:                  leidreiter_profiles/RBD_D.hmm
# target sequence database:        /Users/gabefoley/Dropbox/PhD/Projects/Phylo_Island/2020/20200309_RBD/20200331_RBD_Notebook/results/All_A_Regions_w_Leidreiter_A_regions_multiples_tagged_and_Expanded/domain_input/tmp/NZ_CP031146.1_info_Pseudomonas_plecoglossicida_TcdA1_expanded_position_1075333_1082872_backward
# output directed to file:         /Users/gabefoley/Dropbox/PhD/Projects/Phylo_Island/2020/20200309_RBD/20200331_RBD_Notebook/results/All_A_Regions_w_Leidreiter_A_regions_multiples_tagged_and_Expanded/domain_output/NZ_CP031146.1_info_Pseudomonas_plecoglossicida_TcdA1_expanded_position_1075333_1082872_backward_profile=RBD_D.hmm.output
# domain reporting threshold:      score >= 1
# - - - - - - - - - - - - - - - - - - - - - - - - - - - - - - - - - - - -

Query:       TcA_RBD  [M=131]
Accession:   PF18518.1
Description: TcA receptor binding domain
Scores for complete sequences (score includes all domains):
   --- full sequence ---   --- best 1 domain ---    -#dom-
    E-value  score  bias    E-value  score  bias    exp  N  Sequence                                                                                        Description
    ------- ------ -----    ------- ------ -----   ---- --  --------                                                                                        -----------
    4.5e-09   22.9   0.0    9.7e-09   21.9   0.0    1.5  1  NZ_CP031146.1_info_Pseudomonas_plecoglossicida_TcdA1_expanded_position_1075333_1082872_backward  <unknown description>


Domain annotation for each sequence (and alignments):
>> NZ_CP031146.1_info_Pseudomonas_plecoglossicida_TcdA1_expanded_position_1075333_1082872_backward  <unknown description>
   #    score  bias  c-Evalue  i-Evalue hmmfrom  hmm to    alifrom  ali to    envfrom  env to     acc
 ---   ------ ----- --------- --------- ------- -------    ------- -------    ------- -------    ----
   1 !   21.9   0.0   9.7e-09   9.7e-09       4      54 ..    1651    1699 ..    1649    1722 .. 0.89

  Alignments for each domain:
  == domain 1  score: 21.9 bits;  conditional E-value: 9.7e-09
                                                                                          TcA_RBD    4 lgkgfYvtftLpkYnksvHGnsrafklslknvvddnakkv 43  
                                                                                                          g  + +tLp Y+++ HGn+r+ k+ l     +na+++
  NZ_CP031146.1_info_Pseudomonas_plecoglossicida_TcdA1_expanded_position_1075333_1082872_backward 1651 PELGVMARLTLPVYKAASHGNERWAKVWLAT--SGNARTL 1688
                                                                                                       44578899*********************98..677778* PP

                                                                                          TcA_RBD   44 iysGeLsdtet 54  
                                                                                                       ++sGeL+d+ t
  NZ_CP031146.1_info_Pseudomonas_plecoglossicida_TcdA1_expanded_position_1075333_1082872_backward 1689 LWSGELRDNAT 1699
                                                                                                       ********976 PP



Internal pipeline statistics summary:
-------------------------------------
Query model(s):                              1  (131 nodes)
Target sequences:                            1  (2513 residues searched)
Passed MSV filter:                         1  (1); expected 0.0 (0.02)
Passed bias filter:                        1  (1); expected 0.0 (0.02)
Passed Vit filter:                         1  (1); expected 0.0 (0.001)
Passed Fwd filter:                         1  (1); expected 0.0 (1e-05)
Initial search space (Z):                  1  [actual number of targets]
Domain search space  (domZ):               1  [number of targets reported over threshold]
# CPU time: 0.01u 0.00s 00:00:00.01 Elapsed: 00:00:00.01
# Mc/sec: 32.92
//
[ok]
