# hmmsearch :: search profile(s) against a sequence database
# HMMER 3.1b2 (February 2015); http://hmmer.org/
# Copyright (C) 2015 Howard Hughes Medical Institute.
# Freely distributed under the GNU General Public License (GPLv3).
# - - - - - - - - - - - - - - - - - - - - - - - - - - - - - - - - - - - -
# query HMM file:                  leidreiter_profiles/NMD.hmm
# target sequence database:        /Users/gabefoley/Dropbox/PhD/Projects/Phylo_Island/2020/20200309_RBD/20200331_RBD_Notebook/results/All_A_Regions_w_Leidreiter_A_regions_multiples_tagged_and_Expanded/domain_input/tmp/NZ_CPYD01000045.1_info_Yersinia_nurmii_A1_expanded_position_1555219_1558711_forward
# output directed to file:         /Users/gabefoley/Dropbox/PhD/Projects/Phylo_Island/2020/20200309_RBD/20200331_RBD_Notebook/results/All_A_Regions_w_Leidreiter_A_regions_multiples_tagged_and_Expanded/domain_output/NZ_CPYD01000045.1_info_Yersinia_nurmii_A1_expanded_position_1555219_1558711_forward_profile=NMD.hmm.output
# domain reporting threshold:      score >= 1
# - - - - - - - - - - - - - - - - - - - - - - - - - - - - - - - - - - - -

Query:       Neuraminidase  [M=170]
Accession:   PF18413.1
Description: Neuraminidase-like domain
Scores for complete sequences (score includes all domains):
   --- full sequence ---   --- best 1 domain ---    -#dom-
    E-value  score  bias    E-value  score  bias    exp  N  Sequence                                                                            Description
    ------- ------ -----    ------- ------ -----   ---- --  --------                                                                            -----------
    1.4e-34  105.3   0.2    1.4e-34  105.3   0.2    1.9  1  NZ_CPYD01000045.1_info_Yersinia_nurmii_A1_expanded_position_1555219_1558711_forward  <unknown description>


Domain annotation for each sequence (and alignments):
>> NZ_CPYD01000045.1_info_Yersinia_nurmii_A1_expanded_position_1555219_1558711_forward  <unknown description>
   #    score  bias  c-Evalue  i-Evalue hmmfrom  hmm to    alifrom  ali to    envfrom  env to     acc
 ---   ------ ----- --------- --------- ------- -------    ------- -------    ------- -------    ----
   1 !  105.3   0.2   1.4e-34   1.4e-34       1     130 [.    1330    1459 ..    1330    1487 .. 0.84

  Alignments for each domain:
  == domain 1  score: 105.3 bits;  conditional E-value: 1.4e-34
                                                                        Neuraminidase    1 LevvsgyiekkdnakdtlhffGrtrtaPyrYYyRtldle. 39  
                                                                                           Le+++gy++++d ++d+++f++rtr +PyrY++R+ld++ 
  NZ_CPYD01000045.1_info_Yersinia_nurmii_A1_expanded_position_1555219_1558711_forward 1330 LEIIAGYQDGIDIENDKTYFVARTRMQPYRYFWRSLDASq 1369
                                                                                           89************************************** PP

                                                                        Neuraminidase   40 .....gelsanaWspWekidldikegey..vrpvvangRl 72  
                                                                                                +el ++aWs+W+ i++++++     vrp+++ +Rl
  NZ_CPYD01000045.1_info_Yersinia_nurmii_A1_expanded_position_1555219_1558711_forward 1370 rnsnsQELYPTAWSEWKAISVPLENVANgiVRPIMMDNRL 1409
                                                                                           ***********************3333356********** PP

                                                                        Neuraminidase   73 ylfwpefeekakskektvddlgdqttgsseeskweiklaw 112 
                                                                                           y+ w+e++ ++k+++++ +           + ++++k+++
  NZ_CPYD01000045.1_info_Yersinia_nurmii_A1_expanded_position_1555219_1558711_forward 1410 YISWFEVA-EEKDTDENGNIIV--------SGRYRTKIRL 1440
                                                                                           ********.4444444444444........455******* PP

                                                                        Neuraminidase  113 sel.rdgkWspkqvskdsl 130 
                                                                                           ++l +dg Ws+ +++++++
  NZ_CPYD01000045.1_info_Yersinia_nurmii_A1_expanded_position_1555219_1558711_forward 1441 AHLgFDGIWSSGTTLREEV 1459
                                                                                           **********999988665 PP



Internal pipeline statistics summary:
-------------------------------------
Query model(s):                              1  (170 nodes)
Target sequences:                            1  (2528 residues searched)
Passed MSV filter:                         1  (1); expected 0.0 (0.02)
Passed bias filter:                        1  (1); expected 0.0 (0.02)
Passed Vit filter:                         1  (1); expected 0.0 (0.001)
Passed Fwd filter:                         1  (1); expected 0.0 (1e-05)
Initial search space (Z):                  1  [actual number of targets]
Domain search space  (domZ):               1  [number of targets reported over threshold]
# CPU time: 0.01u 0.00s 00:00:00.01 Elapsed: 00:00:00.01
# Mc/sec: 42.98
//
[ok]
