# hmmsearch :: search profile(s) against a sequence database
# HMMER 3.1b2 (February 2015); http://hmmer.org/
# Copyright (C) 2015 Howard Hughes Medical Institute.
# Freely distributed under the GNU General Public License (GPLv3).
# - - - - - - - - - - - - - - - - - - - - - - - - - - - - - - - - - - - -
# query HMM file:                  leidreiter_profiles/NMD.hmm
# target sequence database:        /Users/gabefoley/Dropbox/PhD/Projects/Phylo_Island/2020/20200309_RBD/20200331_RBD_Notebook/results/All_A_Regions_w_Leidreiter_A_regions_multiples_tagged_and_Expanded/domain_input/tmp/NZ_CP010898.2_info_Pandoraea_vervacti_A1_expanded_position_2578566_2583399_backward_A2_expanded_position_2574100_2578774_backward
# output directed to file:         /Users/gabefoley/Dropbox/PhD/Projects/Phylo_Island/2020/20200309_RBD/20200331_RBD_Notebook/results/All_A_Regions_w_Leidreiter_A_regions_multiples_tagged_and_Expanded/domain_output/NZ_CP010898.2_info_Pandoraea_vervacti_A1_expanded_position_2578566_2583399_backward_A2_expanded_position_2574100_2578774_backward_profile=NMD.hmm.output
# domain reporting threshold:      score >= 1
# - - - - - - - - - - - - - - - - - - - - - - - - - - - - - - - - - - - -

Query:       Neuraminidase  [M=170]
Accession:   PF18413.1
Description: Neuraminidase-like domain
Scores for complete sequences (score includes all domains):
   --- full sequence ---   --- best 1 domain ---    -#dom-
    E-value  score  bias    E-value  score  bias    exp  N  Sequence                                                                                                                          Description
    ------- ------ -----    ------- ------ -----   ---- --  --------                                                                                                                          -----------
    1.6e-30   92.1   0.0    3.4e-30   91.1   0.0    1.5  1  NZ_CP010898.2_info_Pandoraea_vervacti_A1_expanded_position_2578566_2583399_backward_A2_expanded_position_2574100_2578774_backward  


Domain annotation for each sequence (and alignments):
>> NZ_CP010898.2_info_Pandoraea_vervacti_A1_expanded_position_2578566_2583399_backward_A2_expanded_position_2574100_2578774_backward  
   #    score  bias  c-Evalue  i-Evalue hmmfrom  hmm to    alifrom  ali to    envfrom  env to     acc
 ---   ------ ----- --------- --------- ------- -------    ------- -------    ------- -------    ----
   1 !   91.1   0.0   3.4e-30   3.4e-30       1     130 [.    1856    1980 ..    1856    2010 .. 0.89

  Alignments for each domain:
  == domain 1  score: 91.1 bits;  conditional E-value: 3.4e-30
                                                                                                                      Neuraminidase    1 LevvsgyiekkdnakdtlhffGrtrtaPyrYYyRtldle. 39  
                                                                                                                                         L+v+sgyi++ d +++ ++f+Gr ++ P +YY+R++++  
  NZ_CP010898.2_info_Pandoraea_vervacti_A1_expanded_position_2578566_2583399_backward_A2_expanded_position_2574100_2578774_backward 1856 LDVMSGYIDGSDRRDAPYYFIGRHKAVPGQYYWRKANVFl 1895
                                                                                                                                         89***********************************999 PP

                                                                                                                      Neuraminidase   40 ....gelsanaWspWekidldi.kegeyvrpvvangRlyl 74  
                                                                                                                                             ++ls++aW +W++i  ++ ++ +++rpv +ngRl++
  NZ_CP010898.2_info_Pandoraea_vervacti_A1_expanded_position_2578566_2583399_backward_A2_expanded_position_2574100_2578774_backward 1896 gekqTRLSPTAWGEWQPIGAKMsDDVTHIRPVCVNGRLFV 1935
                                                                                                                                         **********************555599************ PP

                                                                                                                      Neuraminidase   75 fwpefeekakskektvddlgdqttgsseeskweiklawse 114 
                                                                                                                                         +w+e++   ++k    +  +++t        w++kl++++
  NZ_CP010898.2_info_Pandoraea_vervacti_A1_expanded_position_2578566_2583399_backward_A2_expanded_position_2574100_2578774_backward 1936 IWVERH---ERKLPPASGIRTST--------WHFKLHYAF 1964
                                                                                                                                         ******...88888888888888........********* PP

                                                                                                                      Neuraminidase  115 l.rdgkWspkqvskdsl 130 
                                                                                                                                           ++g W+p ++ + ++
  NZ_CP010898.2_info_Pandoraea_vervacti_A1_expanded_position_2578566_2583399_backward_A2_expanded_position_2574100_2578774_backward 1965 VdLNGLWAPATLIS-EI 1980
                                                                                                                                         **********8877.22 PP



Internal pipeline statistics summary:
-------------------------------------
Query model(s):                              1  (170 nodes)
Target sequences:                            1  (3169 residues searched)
Passed MSV filter:                         1  (1); expected 0.0 (0.02)
Passed bias filter:                        1  (1); expected 0.0 (0.02)
Passed Vit filter:                         1  (1); expected 0.0 (0.001)
Passed Fwd filter:                         1  (1); expected 0.0 (1e-05)
Initial search space (Z):                  1  [actual number of targets]
Domain search space  (domZ):               1  [number of targets reported over threshold]
# CPU time: 0.00u 0.00s 00:00:00.00 Elapsed: 00:00:00.01
# Mc/sec: 53.87
//
[ok]
