# hmmsearch :: search profile(s) against a sequence database
# HMMER 3.1b2 (February 2015); http://hmmer.org/
# Copyright (C) 2015 Howard Hughes Medical Institute.
# Freely distributed under the GNU General Public License (GPLv3).
# - - - - - - - - - - - - - - - - - - - - - - - - - - - - - - - - - - - -
# query HMM file:                  leidreiter_profiles/NMD.hmm
# target sequence database:        /Users/gabefoley/Dropbox/PhD/Projects/Phylo_Island/2020/20200309_RBD/20200331_RBD_Notebook/results/All_A_Regions_w_Leidreiter_A_regions_multiples_tagged_and_Expanded/domain_input/tmp/NZ_JYLH01000043.1_info_Pseudomonas_libanensis_A1_expanded_position_1768953_1771785_forward_A2_expanded_position_1771790_1776629_forward
# output directed to file:         /Users/gabefoley/Dropbox/PhD/Projects/Phylo_Island/2020/20200309_RBD/20200331_RBD_Notebook/results/All_A_Regions_w_Leidreiter_A_regions_multiples_tagged_and_Expanded/domain_output/NZ_JYLH01000043.1_info_Pseudomonas_libanensis_A1_expanded_position_1768953_1771785_forward_A2_expanded_position_1771790_1776629_forward_profile=NMD.hmm.output
# domain reporting threshold:      score >= 1
# - - - - - - - - - - - - - - - - - - - - - - - - - - - - - - - - - - - -

Query:       Neuraminidase  [M=170]
Accession:   PF18413.1
Description: Neuraminidase-like domain
Scores for complete sequences (score includes all domains):
   --- full sequence ---   --- best 1 domain ---    -#dom-
    E-value  score  bias    E-value  score  bias    exp  N  Sequence                                                                                                                                Description
    ------- ------ -----    ------- ------ -----   ---- --  --------                                                                                                                                -----------
    3.5e-30   91.0   0.7    3.5e-30   91.0   0.7    2.5  1  NZ_JYLH01000043.1_info_Pseudomonas_libanensis_A1_expanded_position_1768953_1771785_forward_A2_expanded_position_1771790_1776629_forward  <unknown description>


Domain annotation for each sequence (and alignments):
>> NZ_JYLH01000043.1_info_Pseudomonas_libanensis_A1_expanded_position_1768953_1771785_forward_A2_expanded_position_1771790_1776629_forward  <unknown description>
   #    score  bias  c-Evalue  i-Evalue hmmfrom  hmm to    alifrom  ali to    envfrom  env to     acc
 ---   ------ ----- --------- --------- ------- -------    ------- -------    ------- -------    ----
   1 !   91.0   0.7   3.5e-30   3.5e-30       3     156 ..    1110    1273 ..    1108    1291 .. 0.69

  Alignments for each domain:
  == domain 1  score: 91.0 bits;  conditional E-value: 3.5e-30
                                                                                                                            Neuraminidase    3 vvsgyie..kkdnakdtlhffGrtrtaPyrYYyRtldle. 39  
                                                                                                                                               +++gyi+    +  ++t++f+G++ ++  +YY+R+ldl+ 
  NZ_JYLH01000043.1_info_Pseudomonas_libanensis_A1_expanded_position_1768953_1771785_forward_A2_expanded_position_1771790_1776629_forward 1110 TINGYIDadLGNLYSGTYYFIGKSSSE-NTYYWRSLDLSk 1148
                                                                                                                                               57788885545667899**********.************ PP

                                                                                                                            Neuraminidase   40 ...gelsanaWspWekidldi...kegeyvrpvvangRly 73  
                                                                                                                                                    l ++aWs+W+ki+l +   +  + +rpv++n+Rl+
  NZ_JYLH01000043.1_info_Pseudomonas_libanensis_A1_expanded_position_1768953_1771785_forward_A2_expanded_position_1771790_1776629_forward 1149 rsgAVLFQGAWSDWKKINLSVsdaTAERSIRPVYFNSRLF 1188
                                                                                                                                               *9999999*************76444456*********** PP

                                                                                                                            Neuraminidase   74 lfwpefe...ekakskektvddlgdqttgsseesk..... 105 
                                                                                                                                               l+w+e     +   s+   ++  + +++ ++++ +     
  NZ_JYLH01000043.1_info_Pseudomonas_libanensis_A1_expanded_position_1768953_1771785_forward_A2_expanded_position_1771790_1776629_forward 1189 LIWAECIkptP---SS--AFKPARRDSQDKEQQADwinth 1223
                                                                                                                                               *******4442...33..3332222222222222233455 PP

                                                                                                                            Neuraminidase  106 .weiklawsel.rdgkWspkqvsk.dsleleetseeeaek 142 
                                                                                                                                                ++++l++s+  +dg+Ws++q    ++ ++e+     +++
  NZ_JYLH01000043.1_info_Pseudomonas_libanensis_A1_expanded_position_1768953_1771785_forward_A2_expanded_position_1771790_1776629_forward 1224 yVKFRLNFSYKkHDGSWSAPQACIeQYCATEDV----NAS 1259
                                                                                                                                               8****************8888555144433333....333 PP

                                                                                                                            Neuraminidase  143 keslkkvalqasal 156 
                                                                                                                                               +++l k  +q++a+
  NZ_JYLH01000043.1_info_Pseudomonas_libanensis_A1_expanded_position_1768953_1771785_forward_A2_expanded_position_1771790_1776629_forward 1260 TSELLKSITQTVAI 1273
                                                                                                                                               34444444444444 PP



Internal pipeline statistics summary:
-------------------------------------
Query model(s):                              1  (170 nodes)
Target sequences:                            1  (2557 residues searched)
Passed MSV filter:                         1  (1); expected 0.0 (0.02)
Passed bias filter:                        1  (1); expected 0.0 (0.02)
Passed Vit filter:                         1  (1); expected 0.0 (0.001)
Passed Fwd filter:                         1  (1); expected 0.0 (1e-05)
Initial search space (Z):                  1  [actual number of targets]
Domain search space  (domZ):               1  [number of targets reported over threshold]
# CPU time: 0.01u 0.00s 00:00:00.01 Elapsed: 00:00:00.01
# Mc/sec: 43.47
//
[ok]
