# hmmsearch :: search profile(s) against a sequence database
# HMMER 3.1b2 (February 2015); http://hmmer.org/
# Copyright (C) 2015 Howard Hughes Medical Institute.
# Freely distributed under the GNU General Public License (GPLv3).
# - - - - - - - - - - - - - - - - - - - - - - - - - - - - - - - - - - - -
# query HMM file:                  leidreiter_profiles/RBD_A.hmm
# target sequence database:        /Users/gabefoley/Dropbox/PhD/Projects/Phylo_Island/2020/20200309_RBD/20200331_RBD_Notebook/results/All_A_Regions_w_Leidreiter_A_regions_multiples_tagged_and_Expanded/domain_input/tmp/NZ_JXSK01000016.1_info_Photorhabdus_luminescens-A_TcdA1_expanded_position_2390999_2398565_forward
# output directed to file:         /Users/gabefoley/Dropbox/PhD/Projects/Phylo_Island/2020/20200309_RBD/20200331_RBD_Notebook/results/All_A_Regions_w_Leidreiter_A_regions_multiples_tagged_and_Expanded/domain_output/NZ_JXSK01000016.1_info_Photorhabdus_luminescens-A_TcdA1_expanded_position_2390999_2398565_forward_profile=RBD_A.hmm.output
# domain reporting threshold:      score >= 1
# - - - - - - - - - - - - - - - - - - - - - - - - - - - - - - - - - - - -

Query:       RBD_A  [M=124]
Scores for complete sequences (score includes all domains):
   --- full sequence ---   --- best 1 domain ---    -#dom-
    E-value  score  bias    E-value  score  bias    exp  N  Sequence                                                                                          Description
    ------- ------ -----    ------- ------ -----   ---- --  --------                                                                                          -----------
    7.4e-50  154.7   0.7    2.3e-49  153.1   0.7    2.0  1  NZ_JXSK01000016.1_info_Photorhabdus_luminescens-A_TcdA1_expanded_position_2390999_2398565_forward  <unknown description>


Domain annotation for each sequence (and alignments):
>> NZ_JXSK01000016.1_info_Photorhabdus_luminescens-A_TcdA1_expanded_position_2390999_2398565_forward  <unknown description>
   #    score  bias  c-Evalue  i-Evalue hmmfrom  hmm to    alifrom  ali to    envfrom  env to     acc
 ---   ------ ----- --------- --------- ------- -------    ------- -------    ------- -------    ----
   1 !  153.1   0.7   2.3e-49   2.3e-49       1     124 []     317     438 ..     317     438 .. 0.99

  Alignments for each domain:
  == domain 1  score: 153.1 bits;  conditional E-value: 2.3e-49
                                                                                              RBD_A   1 nnkLit.lvnsedgkvtvykitrtktdnakqldYieLvpi 39 
                                                                                                        nn+Lit +vns+dg+v+vy+itr++t+na+q+d +eL+p+
  NZ_JXSK01000016.1_info_Photorhabdus_luminescens-A_TcdA1_expanded_position_2390999_2398565_forward 317 NNQLITpIVNSNDGTVKVYRITREYTTNANQVD-VELFPY 355
                                                                                                        8*****9**************************.****** PP

                                                                                              RBD_A  40 ggnqykvnFsvketekdasdlsiqtgkkedklydkkefv. 78 
                                                                                                        gg++y++n+++k++++d+s+lsi       kl+dk+e++ 
  NZ_JXSK01000016.1_info_Photorhabdus_luminescens-A_TcdA1_expanded_position_2390999_2398565_forward 356 GGENYQLNYKFKDSRQDVSYLSI-------KLNDKRELIr 388
                                                                                                        ***********************.......9*******99 PP

                                                                                              RBD_A  79 ....pqanihysipitLsteqiekkveigltRvkpepsda 114
                                                                                                            pq+ni+ys++itLst++i++++eigltRv+p++s+a
  NZ_JXSK01000016.1_info_Photorhabdus_luminescens-A_TcdA1_expanded_position_2390999_2398565_forward 389 iegaPQVNIEYSEHITLSTTDISQPFEIGLTRVYPSSSWA 428
                                                                                                        **************************************** PP

                                                                                              RBD_A 115 yaaakFtiee 124
                                                                                                        yaaakFtiee
  NZ_JXSK01000016.1_info_Photorhabdus_luminescens-A_TcdA1_expanded_position_2390999_2398565_forward 429 YAAAKFTIEE 438
                                                                                                        ********97 PP



Internal pipeline statistics summary:
-------------------------------------
Query model(s):                              1  (124 nodes)
Target sequences:                            1  (2522 residues searched)
Passed MSV filter:                         1  (1); expected 0.0 (0.02)
Passed bias filter:                        1  (1); expected 0.0 (0.02)
Passed Vit filter:                         1  (1); expected 0.0 (0.001)
Passed Fwd filter:                         1  (1); expected 0.0 (1e-05)
Initial search space (Z):                  1  [actual number of targets]
Domain search space  (domZ):               1  [number of targets reported over threshold]
# CPU time: 0.00u 0.01s 00:00:00.01 Elapsed: 00:00:00.01
# Mc/sec: 31.27
//
[ok]
