# hmmsearch :: search profile(s) against a sequence database
# HMMER 3.1b2 (February 2015); http://hmmer.org/
# Copyright (C) 2015 Howard Hughes Medical Institute.
# Freely distributed under the GNU General Public License (GPLv3).
# - - - - - - - - - - - - - - - - - - - - - - - - - - - - - - - - - - - -
# query HMM file:                  leidreiter_profiles/NMD.hmm
# target sequence database:        /Users/gabefoley/Dropbox/PhD/Projects/Phylo_Island/2020/20200309_RBD/20200331_RBD_Notebook/results/All_A_Regions_w_Leidreiter_A_regions_multiples_tagged_and_Expanded/domain_input/tmp/NZ_JXSK01000016.1_info_Photorhabdus_luminescens-A_TcdA1_expanded_position_2390999_2398565_forward
# output directed to file:         /Users/gabefoley/Dropbox/PhD/Projects/Phylo_Island/2020/20200309_RBD/20200331_RBD_Notebook/results/All_A_Regions_w_Leidreiter_A_regions_multiples_tagged_and_Expanded/domain_output/NZ_JXSK01000016.1_info_Photorhabdus_luminescens-A_TcdA1_expanded_position_2390999_2398565_forward_profile=NMD.hmm.output
# domain reporting threshold:      score >= 1
# - - - - - - - - - - - - - - - - - - - - - - - - - - - - - - - - - - - -

Query:       Neuraminidase  [M=170]
Accession:   PF18413.1
Description: Neuraminidase-like domain
Scores for complete sequences (score includes all domains):
   --- full sequence ---   --- best 1 domain ---    -#dom-
    E-value  score  bias    E-value  score  bias    exp  N  Sequence                                                                                          Description
    ------- ------ -----    ------- ------ -----   ---- --  --------                                                                                          -----------
    6.1e-36  109.8   1.3    6.1e-36  109.8   1.3    2.0  1  NZ_JXSK01000016.1_info_Photorhabdus_luminescens-A_TcdA1_expanded_position_2390999_2398565_forward  <unknown description>


Domain annotation for each sequence (and alignments):
>> NZ_JXSK01000016.1_info_Photorhabdus_luminescens-A_TcdA1_expanded_position_2390999_2398565_forward  <unknown description>
   #    score  bias  c-Evalue  i-Evalue hmmfrom  hmm to    alifrom  ali to    envfrom  env to     acc
 ---   ------ ----- --------- --------- ------- -------    ------- -------    ------- -------    ----
   1 !  109.8   1.3   6.1e-36   6.1e-36       1     167 [.    1099    1258 ..    1099    1261 .. 0.78

  Alignments for each domain:
  == domain 1  score: 109.8 bits;  conditional E-value: 6.1e-36
                                                                                      Neuraminidase    1 LevvsgyiekkdnakdtlhffGrtrtaPyrYYyRtldle. 39  
                                                                                                         L+v+s+y+++++n+++ ++f+G ++t+  +YY+R++d++ 
  NZ_JXSK01000016.1_info_Photorhabdus_luminescens-A_TcdA1_expanded_position_2390999_2398565_forward 1099 LKVISAYHDNINNDQGLTYFIGLSETDTGEYYWRSVDHSk 1138
                                                                                                         89************************************** PP

                                                                                      Neuraminidase   40 ...gelsanaWspWekidldikeg.eyvrpvvangRlylf 75  
                                                                                                            g+++anaWs+W+kid++i++  +++rpv++++Rlyl 
  NZ_JXSK01000016.1_info_Photorhabdus_luminescens-A_TcdA1_expanded_position_2390999_2398565_forward 1139 fsdGKFAANAWSEWHKIDCPINPYrSTIRPVMYKSRLYLL 1178
                                                                                                         *********************777799************* PP

                                                                                      Neuraminidase   76 wpefeekakskektvddlgdqttgsseeskweiklawsel 115 
                                                                                                         w+e +   + +++t  +++d +   ++e++++++l+++++
  NZ_JXSK01000016.1_info_Photorhabdus_luminescens-A_TcdA1_expanded_position_2390999_2398565_forward 1179 WLEQK---EITKQTG-NSKDGY---QTETDYRYELKLAHI 1211
                                                                                                         *****...3333333.333333...34567********** PP

                                                                                      Neuraminidase  116 .rdgkWspkqvskdsleleetseeeaekkeslkkvalqas 154 
                                                                                                          +dg+W+++ + +     +e++++   +  + k   l ++
  NZ_JXSK01000016.1_info_Photorhabdus_luminescens-A_TcdA1_expanded_position_2390999_2398565_forward 1212 rYDGTWNTPITFD----VNEKISK--LELAKNKAPGLYCA 1245
                                                                                                         *********8888....2222222..23334445555555 PP

                                                                                      Neuraminidase  155 allskdklelsvf 167 
                                                                                                          ++ +d+l ++++
  NZ_JXSK01000016.1_info_Photorhabdus_luminescens-A_TcdA1_expanded_position_2390999_2398565_forward 1246 GYQGEDTLLVMFY 1258
                                                                                                         5666656665555 PP



Internal pipeline statistics summary:
-------------------------------------
Query model(s):                              1  (170 nodes)
Target sequences:                            1  (2522 residues searched)
Passed MSV filter:                         1  (1); expected 0.0 (0.02)
Passed bias filter:                        1  (1); expected 0.0 (0.02)
Passed Vit filter:                         1  (1); expected 0.0 (0.001)
Passed Fwd filter:                         1  (1); expected 0.0 (1e-05)
Initial search space (Z):                  1  [actual number of targets]
Domain search space  (domZ):               1  [number of targets reported over threshold]
# CPU time: 0.01u 0.01s 00:00:00.02 Elapsed: 00:00:00.00
# Mc/sec: inf
//
[ok]
