# hmmsearch :: search profile(s) against a sequence database
# HMMER 3.1b2 (February 2015); http://hmmer.org/
# Copyright (C) 2015 Howard Hughes Medical Institute.
# Freely distributed under the GNU General Public License (GPLv3).
# - - - - - - - - - - - - - - - - - - - - - - - - - - - - - - - - - - - -
# query HMM file:                  leidreiter_profiles/NMD.hmm
# target sequence database:        /Users/gabefoley/Dropbox/PhD/Projects/Phylo_Island/2020/20200309_RBD/20200331_RBD_Notebook/results/All_A_Regions_w_Leidreiter_A_regions_multiples_tagged_and_Expanded/domain_input/tmp/NZ_JXSK01000016.1_info_Photorhabdus_luminescens-B_TcdA1_expanded_position_2369647_2377138_forward
# output directed to file:         /Users/gabefoley/Dropbox/PhD/Projects/Phylo_Island/2020/20200309_RBD/20200331_RBD_Notebook/results/All_A_Regions_w_Leidreiter_A_regions_multiples_tagged_and_Expanded/domain_output/NZ_JXSK01000016.1_info_Photorhabdus_luminescens-B_TcdA1_expanded_position_2369647_2377138_forward_profile=NMD.hmm.output
# domain reporting threshold:      score >= 1
# - - - - - - - - - - - - - - - - - - - - - - - - - - - - - - - - - - - -

Query:       Neuraminidase  [M=170]
Accession:   PF18413.1
Description: Neuraminidase-like domain
Scores for complete sequences (score includes all domains):
   --- full sequence ---   --- best 1 domain ---    -#dom-
    E-value  score  bias    E-value  score  bias    exp  N  Sequence                                                                                          Description
    ------- ------ -----    ------- ------ -----   ---- --  --------                                                                                          -----------
    7.9e-36  109.4   1.5    2.5e-35  107.8   1.5    1.9  1  NZ_JXSK01000016.1_info_Photorhabdus_luminescens-B_TcdA1_expanded_position_2369647_2377138_forward  <unknown description>


Domain annotation for each sequence (and alignments):
>> NZ_JXSK01000016.1_info_Photorhabdus_luminescens-B_TcdA1_expanded_position_2369647_2377138_forward  <unknown description>
   #    score  bias  c-Evalue  i-Evalue hmmfrom  hmm to    alifrom  ali to    envfrom  env to     acc
 ---   ------ ----- --------- --------- ------- -------    ------- -------    ------- -------    ----
   1 !  107.8   1.5   2.5e-35   2.5e-35       1     137 [.    1179    1309 ..    1179    1335 .. 0.82

  Alignments for each domain:
  == domain 1  score: 107.8 bits;  conditional E-value: 2.5e-35
                                                                                      Neuraminidase    1 LevvsgyiekkdnakdtlhffGrtrtaPyrYYyRtldle. 39  
                                                                                                         Le++s+y+++++n+++ ++f+Gr++t+  +YY+R++d++ 
  NZ_JXSK01000016.1_info_Photorhabdus_luminescens-B_TcdA1_expanded_position_2369647_2377138_forward 1179 LEILSAYHDNINNDQGLTYFIGRSKTEVNQYYWRSVDHNk 1218
                                                                                                         89************************************** PP

                                                                                      Neuraminidase   40 ...gelsanaWspWekidldikeg.eyvrpvvangRlylf 75  
                                                                                                            g++ anaWs+W kid++i++  +++ pv++++Rlyl+
  NZ_JXSK01000016.1_info_Photorhabdus_luminescens-B_TcdA1_expanded_position_2369647_2377138_forward 1219 sseGKFPANAWSEWYKIDCPINPYkDTIHPVIFQSRLYLI 1258
                                                                                                         *********************777799************* PP

                                                                                      Neuraminidase   76 wpefeekakskektvddlgdqttgsseeskweiklawsel 115 
                                                                                                         w+e +   k+++++ d++++ +          ++l+++++
  NZ_JXSK01000016.1_info_Photorhabdus_luminescens-B_TcdA1_expanded_position_2369647_2377138_forward 1259 WLEQK---KATKQEGDKTASGY---------YYELKLAHI 1286
                                                                                                         *****...55555555555555.........999999999 PP

                                                                                      Neuraminidase  116 .rdgkWspkqvskdsleleetse 137 
                                                                                                          +dg+W+++ + +   ++++ + 
  NZ_JXSK01000016.1_info_Photorhabdus_luminescens-B_TcdA1_expanded_position_2369647_2377138_forward 1287 rYDGTWNTPVTFDVNQKISDLNL 1309
                                                                                                         99*****9988884444444333 PP



Internal pipeline statistics summary:
-------------------------------------
Query model(s):                              1  (170 nodes)
Target sequences:                            1  (2497 residues searched)
Passed MSV filter:                         1  (1); expected 0.0 (0.02)
Passed bias filter:                        1  (1); expected 0.0 (0.02)
Passed Vit filter:                         1  (1); expected 0.0 (0.001)
Passed Fwd filter:                         1  (1); expected 0.0 (1e-05)
Initial search space (Z):                  1  [actual number of targets]
Domain search space  (domZ):               1  [number of targets reported over threshold]
# CPU time: 0.01u 0.01s 00:00:00.02 Elapsed: 00:00:00.01
# Mc/sec: 42.45
//
[ok]
