# hmmsearch :: search profile(s) against a sequence database
# HMMER 3.1b2 (February 2015); http://hmmer.org/
# Copyright (C) 2015 Howard Hughes Medical Institute.
# Freely distributed under the GNU General Public License (GPLv3).
# - - - - - - - - - - - - - - - - - - - - - - - - - - - - - - - - - - - -
# query HMM file:                  leidreiter_profiles/RBD_D.hmm
# target sequence database:        /Users/gabefoley/Dropbox/PhD/Projects/Phylo_Island/2020/20200309_RBD/20200331_RBD_Notebook/results/All_A_Regions_w_Leidreiter_A_regions_multiples_tagged_and_Expanded/domain_input/tmp/NZ_KB372811.1_info_Erwinia_toletana_TcdA1_expanded_position_3265654_3272755_backward
# output directed to file:         /Users/gabefoley/Dropbox/PhD/Projects/Phylo_Island/2020/20200309_RBD/20200331_RBD_Notebook/results/All_A_Regions_w_Leidreiter_A_regions_multiples_tagged_and_Expanded/domain_output/NZ_KB372811.1_info_Erwinia_toletana_TcdA1_expanded_position_3265654_3272755_backward_profile=RBD_D.hmm.output
# domain reporting threshold:      score >= 1
# - - - - - - - - - - - - - - - - - - - - - - - - - - - - - - - - - - - -

Query:       TcA_RBD  [M=131]
Accession:   PF18518.1
Description: TcA receptor binding domain
Scores for complete sequences (score includes all domains):
   --- full sequence ---   --- best 1 domain ---    -#dom-
    E-value  score  bias    E-value  score  bias    exp  N  Sequence                                                                             Description
    ------- ------ -----    ------- ------ -----   ---- --  --------                                                                             -----------
    2.6e-18   52.8   0.0    7.1e-18   51.4   0.0    1.8  1  NZ_KB372811.1_info_Erwinia_toletana_TcdA1_expanded_position_3265654_3272755_backward  <unknown description>


Domain annotation for each sequence (and alignments):
>> NZ_KB372811.1_info_Erwinia_toletana_TcdA1_expanded_position_3265654_3272755_backward  <unknown description>
   #    score  bias  c-Evalue  i-Evalue hmmfrom  hmm to    alifrom  ali to    envfrom  env to     acc
 ---   ------ ----- --------- --------- ------- -------    ------- -------    ------- -------    ----
   1 !   51.4   0.0   7.1e-18   7.1e-18       1     131 []    1492    1628 ..    1492    1628 .. 0.74

  Alignments for each domain:
  == domain 1  score: 51.4 bits;  conditional E-value: 7.1e-18
                                                                               TcA_RBD    1 EPklgkgfYvtftLpkYnksvHGnsrafklsl....knvv 36  
                                                                                            EP+lg g+Yv++++  Y +s+HGn    +l++    +n+ 
  NZ_KB372811.1_info_Erwinia_toletana_TcdA1_expanded_position_3265654_3272755_backward 1492 EPQLGPGSYVQVDFGRYSSSLHGNGS-YQLYYvggaDNIG 1530
                                                                                            9**********************875.5666523224555 PP

                                                                               TcA_RBD   37 ddnakkviysGeLsdte.ttvkLFvplke.kplnkdeglk 74  
                                                                                             +   ++   G+Ls     + +LF+p++  k  +++++l+
  NZ_KB372811.1_info_Erwinia_toletana_TcdA1_expanded_position_3265654_3272755_backward 1531 SGRPLHLCAAGKLSADRsNSLTLFLPYNTaKTGSEKDILY 1570
                                                                                            566669999****976669********99456678899** PP

                                                                               TcA_RBD   75 vflkykkkktkkwegaefifkeetnkeivtidkesdsstf 114 
                                                                                            +++ y+ ++ +++ ++  +fk + + + +  d+e+ +s +
  NZ_KB372811.1_info_Erwinia_toletana_TcdA1_expanded_position_3265654_3272755_backward 1571 LGVIYSDANLTSSYTTMQQFKYNADATKFVADSEN-ASRT 1609
                                                                                            ******99988855444445445555555555554.4455 PP

                                                                               TcA_RBD  115 kgl..kvvlsqstEPmDFs 131 
                                                                                            +gl  + + +  +EPmDFs
  NZ_KB372811.1_info_Erwinia_toletana_TcdA1_expanded_position_3265654_3272755_backward 1610 RGLttRLFETMDSEPMDFS 1628
                                                                                            899744455599******8 PP



Internal pipeline statistics summary:
-------------------------------------
Query model(s):                              1  (131 nodes)
Target sequences:                            1  (2367 residues searched)
Passed MSV filter:                         1  (1); expected 0.0 (0.02)
Passed bias filter:                        1  (1); expected 0.0 (0.02)
Passed Vit filter:                         1  (1); expected 0.0 (0.001)
Passed Fwd filter:                         1  (1); expected 0.0 (1e-05)
Initial search space (Z):                  1  [actual number of targets]
Domain search space  (domZ):               1  [number of targets reported over threshold]
# CPU time: 0.01u 0.00s 00:00:00.01 Elapsed: 00:00:00.00
# Mc/sec: inf
//
[ok]
