# hmmsearch :: search profile(s) against a sequence database
# HMMER 3.1b2 (February 2015); http://hmmer.org/
# Copyright (C) 2015 Howard Hughes Medical Institute.
# Freely distributed under the GNU General Public License (GPLv3).
# - - - - - - - - - - - - - - - - - - - - - - - - - - - - - - - - - - - -
# query HMM file:                  leidreiter_profiles/RBD_C.hmm
# target sequence database:        /Users/gabefoley/Dropbox/PhD/Projects/Phylo_Island/2020/20200309_RBD/20200331_RBD_Notebook/results/All_A_Regions_w_Leidreiter_A_regions_multiples_tagged_and_Expanded/domain_input/tmp/NZ_KB372811.1_info_Erwinia_toletana_TcdA1_expanded_position_3265654_3272755_backward
# output directed to file:         /Users/gabefoley/Dropbox/PhD/Projects/Phylo_Island/2020/20200309_RBD/20200331_RBD_Notebook/results/All_A_Regions_w_Leidreiter_A_regions_multiples_tagged_and_Expanded/domain_output/NZ_KB372811.1_info_Erwinia_toletana_TcdA1_expanded_position_3265654_3272755_backward_profile=RBD_C.hmm.output
# domain reporting threshold:      score >= 1
# - - - - - - - - - - - - - - - - - - - - - - - - - - - - - - - - - - - -

Query:       RBD_C  [M=126]
Scores for complete sequences (score includes all domains):
   --- full sequence ---   --- best 1 domain ---    -#dom-
    E-value  score  bias    E-value  score  bias    exp  N  Sequence                                                                             Description
    ------- ------ -----    ------- ------ -----   ---- --  --------                                                                             -----------
    5.3e-51  158.3   0.8    1.3e-50  157.0   0.8    1.7  1  NZ_KB372811.1_info_Erwinia_toletana_TcdA1_expanded_position_3265654_3272755_backward  <unknown description>


Domain annotation for each sequence (and alignments):
>> NZ_KB372811.1_info_Erwinia_toletana_TcdA1_expanded_position_3265654_3272755_backward  <unknown description>
   #    score  bias  c-Evalue  i-Evalue hmmfrom  hmm to    alifrom  ali to    envfrom  env to     acc
 ---   ------ ----- --------- --------- ------- -------    ------- -------    ------- -------    ----
   1 !  157.0   0.8   1.3e-50   1.3e-50       4     118 ..    1222    1335 ..    1219    1342 .. 0.96

  Alignments for each domain:
  == domain 1  score: 157.0 bits;  conditional E-value: 1.3e-50
                                                                                 RBD_C    4 nqcnllkkyg..klGDkFiiYtslginpnnssnkkmiyPv 41  
                                                                                            ++cn+lk+++  ++GD+F+iY++++++++nss+k+ i+Pv
  NZ_KB372811.1_info_Erwinia_toletana_TcdA1_expanded_position_3265654_3272755_backward 1222 IACNILKNLAnnNMGDSFYIYENFALDSGNSSGKR-IFPV 1260
                                                                                            79********999**********************.**** PP

                                                                                 RBD_C   42 YqysgntsnlekGRlLfyreasaskveawiPaltrsltee 81  
                                                                                            Y++++n+++  +GR+L+yreasas++e+++Palt+++t++
  NZ_KB372811.1_info_Erwinia_toletana_TcdA1_expanded_position_3265654_3272755_backward 1261 YHLKQNSMT--SGRILVYREASASGLEVKWPALTPAHTFT 1298
                                                                                            *********..***************************** PP

                                                                                 RBD_C   82 saaigddvaldsdnkpdddallkqylyltdskgtatd 118 
                                                                                            s++++ +val++d++pd+dal+++++yl+d++++at 
  NZ_KB372811.1_info_Erwinia_toletana_TcdA1_expanded_position_3265654_3272755_backward 1299 STSTALYVALNQDKYPDNDALMNASMYLNDNNKSATV 1335
                                                                                            ************************************4 PP



Internal pipeline statistics summary:
-------------------------------------
Query model(s):                              1  (126 nodes)
Target sequences:                            1  (2367 residues searched)
Passed MSV filter:                         1  (1); expected 0.0 (0.02)
Passed bias filter:                        1  (1); expected 0.0 (0.02)
Passed Vit filter:                         1  (1); expected 0.0 (0.001)
Passed Fwd filter:                         1  (1); expected 0.0 (1e-05)
Initial search space (Z):                  1  [actual number of targets]
Domain search space  (domZ):               1  [number of targets reported over threshold]
# CPU time: 0.01u 0.01s 00:00:00.02 Elapsed: 00:00:00.00
# Mc/sec: inf
//
[ok]
