# hmmsearch :: search profile(s) against a sequence database
# HMMER 3.1b2 (February 2015); http://hmmer.org/
# Copyright (C) 2015 Howard Hughes Medical Institute.
# Freely distributed under the GNU General Public License (GPLv3).
# - - - - - - - - - - - - - - - - - - - - - - - - - - - - - - - - - - - -
# query HMM file:                  leidreiter_profiles/NMD.hmm
# target sequence database:        /Users/gabefoley/Dropbox/PhD/Projects/Phylo_Island/2020/20200309_RBD/20200331_RBD_Notebook/results/All_A_Regions_w_Leidreiter_A_regions_multiples_tagged_and_Expanded/domain_input/tmp/NZ_KB372811.1_info_Erwinia_toletana_TcdA1_expanded_position_3265654_3272755_backward
# output directed to file:         /Users/gabefoley/Dropbox/PhD/Projects/Phylo_Island/2020/20200309_RBD/20200331_RBD_Notebook/results/All_A_Regions_w_Leidreiter_A_regions_multiples_tagged_and_Expanded/domain_output/NZ_KB372811.1_info_Erwinia_toletana_TcdA1_expanded_position_3265654_3272755_backward_profile=NMD.hmm.output
# domain reporting threshold:      score >= 1
# - - - - - - - - - - - - - - - - - - - - - - - - - - - - - - - - - - - -

Query:       Neuraminidase  [M=170]
Accession:   PF18413.1
Description: Neuraminidase-like domain
Scores for complete sequences (score includes all domains):
   --- full sequence ---   --- best 1 domain ---    -#dom-
    E-value  score  bias    E-value  score  bias    exp  N  Sequence                                                                             Description
    ------- ------ -----    ------- ------ -----   ---- --  --------                                                                             -----------
    9.6e-27   79.9   0.8      3e-26   78.2   0.8    1.9  1  NZ_KB372811.1_info_Erwinia_toletana_TcdA1_expanded_position_3265654_3272755_backward  <unknown description>


Domain annotation for each sequence (and alignments):
>> NZ_KB372811.1_info_Erwinia_toletana_TcdA1_expanded_position_3265654_3272755_backward  <unknown description>
   #    score  bias  c-Evalue  i-Evalue hmmfrom  hmm to    alifrom  ali to    envfrom  env to     acc
 ---   ------ ----- --------- --------- ------- -------    ------- -------    ------- -------    ----
   1 !   78.2   0.8     3e-26     3e-26       1     127 [.     949    1069 ..     949    1100 .. 0.81

  Alignments for each domain:
  == domain 1  score: 78.2 bits;  conditional E-value: 3e-26
                                                                         Neuraminidase    1 LevvsgyiekkdnakdtlhffGrtrtaPyrYYyRtldle. 39  
                                                                                            Levvsg++++++ ++++++++G++ ++   YY+Rtl+++ 
  NZ_KB372811.1_info_Erwinia_toletana_TcdA1_expanded_position_3265654_3272755_backward  949 LEVVSGFHDNNSINSGITYLVGKSVND-ENYYWRTLNQNl 987 
                                                                                            89*************************.************ PP

                                                                         Neuraminidase   40 ...gelsanaWspWekidldikeg.eyvrpvvangRlylf 75  
                                                                                               g++ anaWs+W++i++ ++   + vrpvv+n+Rly +
  NZ_KB372811.1_info_Erwinia_toletana_TcdA1_expanded_position_3265654_3272755_backward  988 fdaGKYPANAWSEWKEITTGMQAKnNLVRPVVFNSRLYSV 1027
                                                                                            *********************444478************* PP

                                                                         Neuraminidase   76 wpefeekakskektvddlgdqttgsseesk.weiklawse 114 
                                                                                            w+e +        ++ d +d++    ++++    +l++++
  NZ_KB372811.1_info_Erwinia_toletana_TcdA1_expanded_position_3265654_3272755_backward 1028 WLEEK--------EIADADDSN----SSKRiASHELKYTF 1055
                                                                                            ***99........333333333....112225789***** PP

                                                                         Neuraminidase  115 l.rdgkWspkqvsk 127 
                                                                                            + +dg+W+  ++ k
  NZ_KB372811.1_info_Erwinia_toletana_TcdA1_expanded_position_3265654_3272755_backward 1056 IrHDGTWNIITTVK 1069
                                                                                            *******7765544 PP



Internal pipeline statistics summary:
-------------------------------------
Query model(s):                              1  (170 nodes)
Target sequences:                            1  (2367 residues searched)
Passed MSV filter:                         1  (1); expected 0.0 (0.02)
Passed bias filter:                        1  (1); expected 0.0 (0.02)
Passed Vit filter:                         1  (1); expected 0.0 (0.001)
Passed Fwd filter:                         1  (1); expected 0.0 (1e-05)
Initial search space (Z):                  1  [actual number of targets]
Domain search space  (domZ):               1  [number of targets reported over threshold]
# CPU time: 0.01u 0.00s 00:00:00.01 Elapsed: 00:00:00.00
# Mc/sec: inf
//
[ok]
