# hmmsearch :: search profile(s) against a sequence database
# HMMER 3.1b2 (February 2015); http://hmmer.org/
# Copyright (C) 2015 Howard Hughes Medical Institute.
# Freely distributed under the GNU General Public License (GPLv3).
# - - - - - - - - - - - - - - - - - - - - - - - - - - - - - - - - - - - -
# query HMM file:                  leidreiter_profiles/RBD_B.hmm
# target sequence database:        /Users/gabefoley/Dropbox/PhD/Projects/Phylo_Island/2020/20200309_RBD/20200331_RBD_Notebook/results/All_A_Regions_w_Leidreiter_A_regions_multiples_tagged_and_Expanded/domain_input/tmp/NZ_LN681228.1_info_Xenorhabdus_nematophila-B_TcdA1_expanded_position_2530974_2538543_forward
# output directed to file:         /Users/gabefoley/Dropbox/PhD/Projects/Phylo_Island/2020/20200309_RBD/20200331_RBD_Notebook/results/All_A_Regions_w_Leidreiter_A_regions_multiples_tagged_and_Expanded/domain_output/NZ_LN681228.1_info_Xenorhabdus_nematophila-B_TcdA1_expanded_position_2530974_2538543_forward_profile=RBD_B.hmm.output
# domain reporting threshold:      score >= 1
# - - - - - - - - - - - - - - - - - - - - - - - - - - - - - - - - - - - -

Query:       RBD_B  [M=125]
Scores for complete sequences (score includes all domains):
   --- full sequence ---   --- best 1 domain ---    -#dom-
    E-value  score  bias    E-value  score  bias    exp  N  Sequence                                                                                     Description
    ------- ------ -----    ------- ------ -----   ---- --  --------                                                                                     -----------
    3.6e-31   94.2   5.6    1.8e-18   53.1   0.6    3.4  2  NZ_LN681228.1_info_Xenorhabdus_nematophila-B_TcdA1_expanded_position_2530974_2538543_forward  <unknown description>


Domain annotation for each sequence (and alignments):
>> NZ_LN681228.1_info_Xenorhabdus_nematophila-B_TcdA1_expanded_position_2530974_2538543_forward  <unknown description>
   #    score  bias  c-Evalue  i-Evalue hmmfrom  hmm to    alifrom  ali to    envfrom  env to     acc
 ---   ------ ----- --------- --------- ------- -------    ------- -------    ------- -------    ----
   1 !   41.6   0.5   6.7e-15   6.7e-15       2      59 ..    1294    1341 ..    1293    1372 .. 0.85
   2 !   53.1   0.6   1.8e-18   1.8e-18      41     121 ..    1485    1582 ..    1463    1585 .. 0.85

  Alignments for each domain:
  == domain 1  score: 41.6 bits;  conditional E-value: 6.7e-15
                                                                                         RBD_B    2 eedkEidsvisklksydwgdytLstvsegnipaislkvts 41  
                                                                                                    +e+kE++++++kl+s+++++++Ls++s+gn          
  NZ_LN681228.1_info_Xenorhabdus_nematophila-B_TcdA1_expanded_position_2530974_2538543_forward 1294 AEYKESITTKNKLASFTGNIFDLSYISPGN---------- 1323
                                                                                                    89****************************.......... PP

                                                                                         RBD_B   42 sdlkitisPklrinfikk 59  
                                                                                                    +++++t++P+++inf+k 
  NZ_LN681228.1_info_Xenorhabdus_nematophila-B_TcdA1_expanded_position_2530974_2538543_forward 1324 GHINLTFNPSMEINFSKG 1341
                                                                                                    9**************997 PP

  == domain 2  score: 53.1 bits;  conditional E-value: 1.8e-18
                                                                                         RBD_B   41 ssdlkitisPklrinfikkislliklgsk.kveltaekdv 79  
                                                                                                    + d+ki  s  ++ + +k+is+l+k+gs+  vel+ae++v
  NZ_LN681228.1_info_Xenorhabdus_nematophila-B_TcdA1_expanded_position_2530974_2538543_forward 1485 ATDIKIASS-MIEQIQDKNISFLLKNGSDiLVELNAEDHV 1523
                                                                                                    568888877.677778999********************* PP

                                                                                         RBD_B   80 avkPsnssdelayqFnkleidi........selafi.... 107 
                                                                                                    a+kPs++sd+++y+Fn++++di        se++++    
  NZ_LN681228.1_info_Xenorhabdus_nematophila-B_TcdA1_expanded_position_2530974_2538543_forward 1524 ASKPSHESDPMVYDFNQVKVDIegydiplvSEFIIKqpdg 1563
                                                                                                    ******************************8888883333 PP

                                                                                         RBD_B  108 ..nni...asidvtfkala 121 
                                                                                                      n+i   ++i++++k+ +
  NZ_LN681228.1_info_Xenorhabdus_nematophila-B_TcdA1_expanded_position_2530974_2538543_forward 1564 gyNDIvieSPIHIKLKSKD 1582
                                                                                                    3345588899999999876 PP



Internal pipeline statistics summary:
-------------------------------------
Query model(s):                              1  (125 nodes)
Target sequences:                            1  (2523 residues searched)
Passed MSV filter:                         1  (1); expected 0.0 (0.02)
Passed bias filter:                        1  (1); expected 0.0 (0.02)
Passed Vit filter:                         1  (1); expected 0.0 (0.001)
Passed Fwd filter:                         1  (1); expected 0.0 (1e-05)
Initial search space (Z):                  1  [actual number of targets]
Domain search space  (domZ):               1  [number of targets reported over threshold]
# CPU time: 0.01u 0.00s 00:00:00.01 Elapsed: 00:00:00.00
# Mc/sec: inf
//
[ok]
