# hmmsearch :: search profile(s) against a sequence database
# HMMER 3.1b2 (February 2015); http://hmmer.org/
# Copyright (C) 2015 Howard Hughes Medical Institute.
# Freely distributed under the GNU General Public License (GPLv3).
# - - - - - - - - - - - - - - - - - - - - - - - - - - - - - - - - - - - -
# query HMM file:                  leidreiter_profiles/NMD.hmm
# target sequence database:        /Users/gabefoley/Dropbox/PhD/Projects/Phylo_Island/2020/20200309_RBD/20200331_RBD_Notebook/results/All_A_Regions_w_Leidreiter_A_regions_multiples_tagged_and_Expanded/domain_input/tmp/NZ_LN681228.1_info_Xenorhabdus_nematophila-E_TcdA1_expanded_position_2110775_2118188_backward
# output directed to file:         /Users/gabefoley/Dropbox/PhD/Projects/Phylo_Island/2020/20200309_RBD/20200331_RBD_Notebook/results/All_A_Regions_w_Leidreiter_A_regions_multiples_tagged_and_Expanded/domain_output/NZ_LN681228.1_info_Xenorhabdus_nematophila-E_TcdA1_expanded_position_2110775_2118188_backward_profile=NMD.hmm.output
# domain reporting threshold:      score >= 1
# - - - - - - - - - - - - - - - - - - - - - - - - - - - - - - - - - - - -

Query:       Neuraminidase  [M=170]
Accession:   PF18413.1
Description: Neuraminidase-like domain
Scores for complete sequences (score includes all domains):
   --- full sequence ---   --- best 1 domain ---    -#dom-
    E-value  score  bias    E-value  score  bias    exp  N  Sequence                                                                                      Description
    ------- ------ -----    ------- ------ -----   ---- --  --------                                                                                      -----------
    3.4e-38  117.1   0.1    1.1e-37  115.5   0.1    1.9  1  NZ_LN681228.1_info_Xenorhabdus_nematophila-E_TcdA1_expanded_position_2110775_2118188_backward  <unknown description>


Domain annotation for each sequence (and alignments):
>> NZ_LN681228.1_info_Xenorhabdus_nematophila-E_TcdA1_expanded_position_2110775_2118188_backward  <unknown description>
   #    score  bias  c-Evalue  i-Evalue hmmfrom  hmm to    alifrom  ali to    envfrom  env to     acc
 ---   ------ ----- --------- --------- ------- -------    ------- -------    ------- -------    ----
   1 !  115.5   0.1   1.1e-37   1.1e-37       1     147 [.    1121    1270 ..    1121    1293 .. 0.83

  Alignments for each domain:
  == domain 1  score: 115.5 bits;  conditional E-value: 1.1e-37
                                                                                  Neuraminidase    1 LevvsgyiekkdnakdtlhffGrtrtaPyrYYyRtldle. 39  
                                                                                                     Le+v++y++++ n+++ ++f+G+++t+  +YY+R++d+  
  NZ_LN681228.1_info_Xenorhabdus_nematophila-E_TcdA1_expanded_position_2110775_2118188_backward 1121 LEIVGAYHDHIHNHEGLTYFIGQSKTDVGEYYWRSVDHTk 1160
                                                                                                     89************************************** PP

                                                                                  Neuraminidase   40 ...gelsanaWspWekidldikegey..vrpvvangRlyl 74  
                                                                                                        g+++anaWs+W+kid++i + ++  + pv++++Rl+l
  NZ_LN681228.1_info_Xenorhabdus_nematophila-E_TcdA1_expanded_position_2110775_2118188_backward 1161 fsdGKFAANAWSEWHKIDCPI-NPCRglLHPVIYKSRLHL 1199
                                                                                                     *********************.554445************ PP

                                                                                  Neuraminidase   75 fwpefe...ekakskektvddlgdqttgsseeskweikla 111 
                                                                                                     +w+e +   +++k+k+++ + + +q +++++e++++++l+
  NZ_LN681228.1_info_Xenorhabdus_nematophila-E_TcdA1_expanded_position_2110775_2118188_backward 1200 VWLEQKeqaQPNKAKKAEGQAQPNQVKKVKVEKNYRYELK 1239
                                                                                                     ******9998899999999999999999999999****** PP

                                                                                  Neuraminidase  112 wsel.rdgkWspkqvskdsleleetseeeaekkeslk 147 
                                                                                                     ++++ +dg+W+++ + +    l ++  +    ++s +
  NZ_LN681228.1_info_Xenorhabdus_nematophila-E_TcdA1_expanded_position_2110775_2118188_backward 1240 LAYIrYDGSWNAPLTFA----LPQKAVK--LLEKSND 1270
                                                                                                     *************7766....2222222..2223333 PP



Internal pipeline statistics summary:
-------------------------------------
Query model(s):                              1  (170 nodes)
Target sequences:                            1  (2471 residues searched)
Passed MSV filter:                         1  (1); expected 0.0 (0.02)
Passed bias filter:                        1  (1); expected 0.0 (0.02)
Passed Vit filter:                         1  (1); expected 0.0 (0.001)
Passed Fwd filter:                         1  (1); expected 0.0 (1e-05)
Initial search space (Z):                  1  [actual number of targets]
Domain search space  (domZ):               1  [number of targets reported over threshold]
# CPU time: 0.01u 0.00s 00:00:00.01 Elapsed: 00:00:00.00
# Mc/sec: inf
//
[ok]
