# hmmsearch :: search profile(s) against a sequence database
# HMMER 3.1b2 (February 2015); http://hmmer.org/
# Copyright (C) 2015 Howard Hughes Medical Institute.
# Freely distributed under the GNU General Public License (GPLv3).
# - - - - - - - - - - - - - - - - - - - - - - - - - - - - - - - - - - - -
# query HMM file:                  leidreiter_profiles/RBD_B.hmm
# target sequence database:        /Users/gabefoley/Dropbox/PhD/Projects/Phylo_Island/2020/20200309_RBD/20200331_RBD_Notebook/results/All_A_Regions_w_Leidreiter_A_regions_multiples_tagged_and_Expanded/domain_input/tmp/NZ_LYRP01000050.1_info_Mangrovibacter_phragmitis_TcdA1_expanded_position_1201065_1208661_backward
# output directed to file:         /Users/gabefoley/Dropbox/PhD/Projects/Phylo_Island/2020/20200309_RBD/20200331_RBD_Notebook/results/All_A_Regions_w_Leidreiter_A_regions_multiples_tagged_and_Expanded/domain_output/NZ_LYRP01000050.1_info_Mangrovibacter_phragmitis_TcdA1_expanded_position_1201065_1208661_backward_profile=RBD_B.hmm.output
# domain reporting threshold:      score >= 1
# - - - - - - - - - - - - - - - - - - - - - - - - - - - - - - - - - - - -

Query:       RBD_B  [M=125]
Scores for complete sequences (score includes all domains):
   --- full sequence ---   --- best 1 domain ---    -#dom-
    E-value  score  bias    E-value  score  bias    exp  N  Sequence                                                                                          Description
    ------- ------ -----    ------- ------ -----   ---- --  --------                                                                                          -----------
    3.8e-22   65.0   0.0    1.3e-21   63.3   0.0    1.9  1  NZ_LYRP01000050.1_info_Mangrovibacter_phragmitis_TcdA1_expanded_position_1201065_1208661_backward  <unknown description>


Domain annotation for each sequence (and alignments):
>> NZ_LYRP01000050.1_info_Mangrovibacter_phragmitis_TcdA1_expanded_position_1201065_1208661_backward  <unknown description>
   #    score  bias  c-Evalue  i-Evalue hmmfrom  hmm to    alifrom  ali to    envfrom  env to     acc
 ---   ------ ----- --------- --------- ------- -------    ------- -------    ------- -------    ----
   1 !   63.3   0.0   1.3e-21   1.3e-21      59     124 ..    1495    1568 ..    1478    1569 .. 0.87

  Alignments for each domain:
  == domain 1  score: 63.3 bits;  conditional E-value: 1.3e-21
                                                                                              RBD_B   59 k........islliklgskkveltaekdvavkPsnssdel 90  
                                                                                                         +        is+++ +++ ++ lt++k+++ +P+ ++d++
  NZ_LYRP01000050.1_info_Mangrovibacter_phragmitis_TcdA1_expanded_position_1201065_1208661_backward 1495 IdtslnlpgISMELSYDGGTDILTGDKNLDGSPEGHLDHT 1534
                                                                                                         344444566******************************* PP

                                                                                              RBD_B   91 ayqFnkleidiselafinniasidvtfkalakka 124 
                                                                                                         +y F+++ei++s+laf+nn+asi+vtfk++ak++
  NZ_LYRP01000050.1_info_Mangrovibacter_phragmitis_TcdA1_expanded_position_1201065_1208661_backward 1535 EYVFTSHEIPFSKLAFKNNQASISVTFKSVAKNG 1568
                                                                                                         *******************************975 PP



Internal pipeline statistics summary:
-------------------------------------
Query model(s):                              1  (125 nodes)
Target sequences:                            1  (2532 residues searched)
Passed MSV filter:                         1  (1); expected 0.0 (0.02)
Passed bias filter:                        1  (1); expected 0.0 (0.02)
Passed Vit filter:                         1  (1); expected 0.0 (0.001)
Passed Fwd filter:                         1  (1); expected 0.0 (1e-05)
Initial search space (Z):                  1  [actual number of targets]
Domain search space  (domZ):               1  [number of targets reported over threshold]
# CPU time: 0.00u 0.00s 00:00:00.00 Elapsed: 00:00:00.00
# Mc/sec: inf
//
[ok]
