# hmmsearch :: search profile(s) against a sequence database
# HMMER 3.1b2 (February 2015); http://hmmer.org/
# Copyright (C) 2015 Howard Hughes Medical Institute.
# Freely distributed under the GNU General Public License (GPLv3).
# - - - - - - - - - - - - - - - - - - - - - - - - - - - - - - - - - - - -
# query HMM file:                  leidreiter_profiles/NMD.hmm
# target sequence database:        /Users/gabefoley/Dropbox/PhD/Projects/Phylo_Island/2020/20200309_RBD/20200331_RBD_Notebook/results/All_A_Regions_w_Leidreiter_A_regions_multiples_tagged_and_Expanded/domain_input/tmp/NZ_LN681228.1_info_Xenorhabdus_nematophila-D_TcdA1_expanded_position_2275690_2280313_forward
# output directed to file:         /Users/gabefoley/Dropbox/PhD/Projects/Phylo_Island/2020/20200309_RBD/20200331_RBD_Notebook/results/All_A_Regions_w_Leidreiter_A_regions_multiples_tagged_and_Expanded/domain_output/NZ_LN681228.1_info_Xenorhabdus_nematophila-D_TcdA1_expanded_position_2275690_2280313_forward_profile=NMD.hmm.output
# domain reporting threshold:      score >= 1
# - - - - - - - - - - - - - - - - - - - - - - - - - - - - - - - - - - - -

Query:       Neuraminidase  [M=170]
Accession:   PF18413.1
Description: Neuraminidase-like domain
Scores for complete sequences (score includes all domains):
   --- full sequence ---   --- best 1 domain ---    -#dom-
    E-value  score  bias    E-value  score  bias    exp  N  Sequence                                                                                     Description
    ------- ------ -----    ------- ------ -----   ---- --  --------                                                                                     -----------
    1.6e-32   98.6   0.2    1.6e-32   98.6   0.2    1.8  1  NZ_LN681228.1_info_Xenorhabdus_nematophila-D_TcdA1_expanded_position_2275690_2280313_forward  <unknown description>


Domain annotation for each sequence (and alignments):
>> NZ_LN681228.1_info_Xenorhabdus_nematophila-D_TcdA1_expanded_position_2275690_2280313_forward  <unknown description>
   #    score  bias  c-Evalue  i-Evalue hmmfrom  hmm to    alifrom  ali to    envfrom  env to     acc
 ---   ------ ----- --------- --------- ------- -------    ------- -------    ------- -------    ----
   1 !   98.6   0.2   1.6e-32   1.6e-32       1     166 [.     169     329 ..     169     333 .. 0.81

  Alignments for each domain:
  == domain 1  score: 98.6 bits;  conditional E-value: 1.6e-32
                                                                                 Neuraminidase   1 LevvsgyiekkdnakdtlhffGrtrtaPyrYYyRtldle. 39 
                                                                                                   L v+sgy+ ++d  k  ++f+Grt ++P +YY+R++++  
  NZ_LN681228.1_info_Xenorhabdus_nematophila-D_TcdA1_expanded_position_2275690_2280313_forward 169 LSVISGYVAGTDLVKSDYYFLGRTASKPCTYYWRKCAMHm 208
                                                                                                   78************************************** PP

                                                                                 Neuraminidase  40 ...gelsanaWspWekidldi...kegeyvrpvvangRly 73 
                                                                                                      + + +  Ws+W k+dl++   +   + rpv+ n+Rly
  NZ_LN681228.1_info_Xenorhabdus_nematophila-D_TcdA1_expanded_position_2275690_2280313_forward 209 ntgTTMVPDSWSEWLKVDLPLggdNVVGQPRPVMQNNRLY 248
                                                                                                   ***99****************664333569********** PP

                                                                                 Neuraminidase  74 lfwpefeekakskektvddlgdqttgsseeskweiklaws 113
                                                                                                   ++w+e++     + k+ +++++q+       ++  ++a+ 
  NZ_LN681228.1_info_Xenorhabdus_nematophila-D_TcdA1_expanded_position_2275690_2280313_forward 249 VVWFERS----VTVKQGHQSDKQA-------TLAARMAYQ 277
                                                                                                   *******....5555555555555.......256666665 PP

                                                                                 Neuraminidase 114 elrdgkWspkqvskdsleleetseeeaekkeslkkvalqa 153
                                                                                                   + +dg+Ws++q++ ++ e +++ e    +  ++++ al+ 
  NZ_LN681228.1_info_Xenorhabdus_nematophila-D_TcdA1_expanded_position_2275690_2280313_forward 278 K-FDGTWSAPQSLGSTSEAQNEEETLYSEGAEFSTLALEF 316
                                                                                                   5.6********99977777777777777777777777766 PP

                                                                                 Neuraminidase 154 sallskdklelsv 166
                                                                                                   ++   ++ l++++
  NZ_LN681228.1_info_Xenorhabdus_nematophila-D_TcdA1_expanded_position_2275690_2280313_forward 317 ISADGQTFLYTAL 329
                                                                                                   6666666555555 PP



Internal pipeline statistics summary:
-------------------------------------
Query model(s):                              1  (170 nodes)
Target sequences:                            1  (1541 residues searched)
Passed MSV filter:                         1  (1); expected 0.0 (0.02)
Passed bias filter:                        1  (1); expected 0.0 (0.02)
Passed Vit filter:                         1  (1); expected 0.0 (0.001)
Passed Fwd filter:                         1  (1); expected 0.0 (1e-05)
Initial search space (Z):                  1  [actual number of targets]
Domain search space  (domZ):               1  [number of targets reported over threshold]
# CPU time: 0.01u 0.00s 00:00:00.01 Elapsed: 00:00:00.01
# Mc/sec: 26.20
//
[ok]
