# hmmsearch :: search profile(s) against a sequence database
# HMMER 3.1b2 (February 2015); http://hmmer.org/
# Copyright (C) 2015 Howard Hughes Medical Institute.
# Freely distributed under the GNU General Public License (GPLv3).
# - - - - - - - - - - - - - - - - - - - - - - - - - - - - - - - - - - - -
# query HMM file:                  leidreiter_profiles/RBD_A.hmm
# target sequence database:        /Users/gabefoley/Dropbox/PhD/Projects/Phylo_Island/2020/20200309_RBD/20200331_RBD_Notebook/results/All_A_Regions_w_Leidreiter_A_regions_multiples_tagged_and_Expanded/domain_input/tmp/NZ_LN681228.1_info_Xenorhabdus_nematophila-B_TcdA1_expanded_position_2530974_2538543_forward
# output directed to file:         /Users/gabefoley/Dropbox/PhD/Projects/Phylo_Island/2020/20200309_RBD/20200331_RBD_Notebook/results/All_A_Regions_w_Leidreiter_A_regions_multiples_tagged_and_Expanded/domain_output/NZ_LN681228.1_info_Xenorhabdus_nematophila-B_TcdA1_expanded_position_2530974_2538543_forward_profile=RBD_A.hmm.output
# domain reporting threshold:      score >= 1
# - - - - - - - - - - - - - - - - - - - - - - - - - - - - - - - - - - - -

Query:       RBD_A  [M=124]
Scores for complete sequences (score includes all domains):
   --- full sequence ---   --- best 1 domain ---    -#dom-
    E-value  score  bias    E-value  score  bias    exp  N  Sequence                                                                                     Description
    ------- ------ -----    ------- ------ -----   ---- --  --------                                                                                     -----------
    1.6e-51  160.0   2.3    1.6e-51  160.0   2.3    2.5  1  NZ_LN681228.1_info_Xenorhabdus_nematophila-B_TcdA1_expanded_position_2530974_2538543_forward  <unknown description>


Domain annotation for each sequence (and alignments):
>> NZ_LN681228.1_info_Xenorhabdus_nematophila-B_TcdA1_expanded_position_2530974_2538543_forward  <unknown description>
   #    score  bias  c-Evalue  i-Evalue hmmfrom  hmm to    alifrom  ali to    envfrom  env to     acc
 ---   ------ ----- --------- --------- ------- -------    ------- -------    ------- -------    ----
   1 !  160.0   2.3   1.6e-51   1.6e-51       1     124 []     311     435 ..     311     435 .. 0.99

  Alignments for each domain:
  == domain 1  score: 160.0 bits;  conditional E-value: 1.6e-51
                                                                                         RBD_A   1 nnkLitlvnsedgkvtvykitrtktd.nakqldYieLvpi 39 
                                                                                                   n++Litlvn+ ++++t++ i+rt++d ++++l+Y+eL+pi
  NZ_LN681228.1_info_Xenorhabdus_nematophila-B_TcdA1_expanded_position_2530974_2538543_forward 311 NEQLITLVNDGNDTATARLIKRTRKDfYDSHLNYAELIPI 350
                                                                                                   79************************************** PP

                                                                                         RBD_A  40 ggnqykvnFsvketekdasdlsiqtgkkedklydkkefvp 79 
                                                                                                   ++n+yk+nFsvk+te+d+ d+++q+g+ke ++y++k+fvp
  NZ_LN681228.1_info_Xenorhabdus_nematophila-B_TcdA1_expanded_position_2530974_2538543_forward 351 KENEYKYNFSVKKTEPDHLDFRLQNGDKE-YIYQDKNFVP 389
                                                                                                   **************************999.********** PP

                                                                                         RBD_A  80 qanihysipitLsteqiekkveigltRvkpepsda.yaaa 118
                                                                                                   +an+hysipi+L+teqi+++++++l+Rvkp+psda +a+a
  NZ_LN681228.1_info_Xenorhabdus_nematophila-B_TcdA1_expanded_position_2530974_2538543_forward 390 IANTHYSIPIKLTTEQITNGITLRLWRVKPNPSDAiNANA 429
                                                                                                   **************************************** PP

                                                                                         RBD_A 119 kFtiee 124
                                                                                                   +F+++e
  NZ_LN681228.1_info_Xenorhabdus_nematophila-B_TcdA1_expanded_position_2530974_2538543_forward 430 HFKMME 435
                                                                                                   ****97 PP



Internal pipeline statistics summary:
-------------------------------------
Query model(s):                              1  (124 nodes)
Target sequences:                            1  (2523 residues searched)
Passed MSV filter:                         1  (1); expected 0.0 (0.02)
Passed bias filter:                        1  (1); expected 0.0 (0.02)
Passed Vit filter:                         1  (1); expected 0.0 (0.001)
Passed Fwd filter:                         1  (1); expected 0.0 (1e-05)
Initial search space (Z):                  1  [actual number of targets]
Domain search space  (domZ):               1  [number of targets reported over threshold]
# CPU time: 0.01u 0.00s 00:00:00.01 Elapsed: 00:00:00.01
# Mc/sec: 31.29
//
[ok]
