# hmmsearch :: search profile(s) against a sequence database
# HMMER 3.1b2 (February 2015); http://hmmer.org/
# Copyright (C) 2015 Howard Hughes Medical Institute.
# Freely distributed under the GNU General Public License (GPLv3).
# - - - - - - - - - - - - - - - - - - - - - - - - - - - - - - - - - - - -
# query HMM file:                  leidreiter_profiles/NMD.hmm
# target sequence database:        /Users/gabefoley/Dropbox/PhD/Projects/Phylo_Island/2020/20200309_RBD/20200331_RBD_Notebook/results/All_A_Regions_w_Leidreiter_A_regions_multiples_tagged_and_Expanded/domain_input/tmp/NZ_LN681228.1_info_Xenorhabdus_nematophila-A_A1_expanded_position_2518328_2521799_forward_A2_expanded_position_2521808_2525981_forward
# output directed to file:         /Users/gabefoley/Dropbox/PhD/Projects/Phylo_Island/2020/20200309_RBD/20200331_RBD_Notebook/results/All_A_Regions_w_Leidreiter_A_regions_multiples_tagged_and_Expanded/domain_output/NZ_LN681228.1_info_Xenorhabdus_nematophila-A_A1_expanded_position_2518328_2521799_forward_A2_expanded_position_2521808_2525981_forward_profile=NMD.hmm.output
# domain reporting threshold:      score >= 1
# - - - - - - - - - - - - - - - - - - - - - - - - - - - - - - - - - - - -

Query:       Neuraminidase  [M=170]
Accession:   PF18413.1
Description: Neuraminidase-like domain
Scores for complete sequences (score includes all domains):
   --- full sequence ---   --- best 1 domain ---    -#dom-
    E-value  score  bias    E-value  score  bias    exp  N  Sequence                                                                                                                               Description
    ------- ------ -----    ------- ------ -----   ---- --  --------                                                                                                                               -----------
    1.5e-40  124.8   0.5    3.5e-40  123.6   0.5    1.6  1  NZ_LN681228.1_info_Xenorhabdus_nematophila-A_A1_expanded_position_2518328_2521799_forward_A2_expanded_position_2521808_2525981_forward  <unknown description>


Domain annotation for each sequence (and alignments):
>> NZ_LN681228.1_info_Xenorhabdus_nematophila-A_A1_expanded_position_2518328_2521799_forward_A2_expanded_position_2521808_2525981_forward  <unknown description>
   #    score  bias  c-Evalue  i-Evalue hmmfrom  hmm to    alifrom  ali to    envfrom  env to     acc
 ---   ------ ----- --------- --------- ------- -------    ------- -------    ------- -------    ----
   1 !  123.6   0.5   3.5e-40   3.5e-40       1     129 [.    1326    1468 ..    1326    1491 .. 0.84

  Alignments for each domain:
  == domain 1  score: 123.6 bits;  conditional E-value: 3.5e-40
                                                                                                                           Neuraminidase    1 LevvsgyiekkdnakdtlhffGrtrtaPyrYYyRtldle. 39  
                                                                                                                                              L+v++gy ++++ ++d+++f+Grtrt+Py+YY+R+l+l+ 
  NZ_LN681228.1_info_Xenorhabdus_nematophila-A_A1_expanded_position_2518328_2521799_forward_A2_expanded_position_2521808_2525981_forward 1326 LKVIAGYEDGVNIKRDKFFFVGRTRTQPYQYYWRSLNLSi 1365
                                                                                                                                              89************************************** PP

                                                                                                                           Neuraminidase   40 .....gelsanaWspWekidldi..kegeyvrpvvangRl 72  
                                                                                                                                                   ++ls+naWs+W++idl++   + + +rp++ n+Rl
  NZ_LN681228.1_info_Xenorhabdus_nematophila-A_A1_expanded_position_2518328_2521799_forward_A2_expanded_position_2521808_2525981_forward 1366 rhpdtDALSPNAWSEWKPIDLPLgsVDPNLIRPIFLNNRL 1405
                                                                                                                                              ***********************7544467********** PP

                                                                                                                           Neuraminidase   73 ylfwpefeekakskektvddlgdqt....tgsseesk... 105 
                                                                                                                                              y++w+e+ee++++k++t  +l +q+     g+        
  NZ_LN681228.1_info_Xenorhabdus_nematophila-A_A1_expanded_position_2518328_2521799_forward_A2_expanded_position_2521808_2525981_forward 1406 YIAWTEVEEQSETKDTTALSLHNQNvepsAGD----Wvpp 1441
                                                                                                                                              ************************93333333....2455 PP

                                                                                                                           Neuraminidase  106 ..weiklawsel.rdgkWspkqvskds 129 
                                                                                                                                                + +++++++  +dg+Ws++++++++
  NZ_LN681228.1_info_Xenorhabdus_nematophila-A_A1_expanded_position_2518328_2521799_forward_A2_expanded_position_2521808_2525981_forward 1442 tpFLTRIKIAYAkYDGSWSTPTILRED 1468
                                                                                                                                              59555555555556******9998833 PP



Internal pipeline statistics summary:
-------------------------------------
Query model(s):                              1  (170 nodes)
Target sequences:                            1  (2548 residues searched)
Passed MSV filter:                         1  (1); expected 0.0 (0.02)
Passed bias filter:                        1  (1); expected 0.0 (0.02)
Passed Vit filter:                         1  (1); expected 0.0 (0.001)
Passed Fwd filter:                         1  (1); expected 0.0 (1e-05)
Initial search space (Z):                  1  [actual number of targets]
Domain search space  (domZ):               1  [number of targets reported over threshold]
# CPU time: 0.01u 0.00s 00:00:00.01 Elapsed: 00:00:00.01
# Mc/sec: 43.32
//
[ok]
