# hmmsearch :: search profile(s) against a sequence database
# HMMER 3.1b2 (February 2015); http://hmmer.org/
# Copyright (C) 2015 Howard Hughes Medical Institute.
# Freely distributed under the GNU General Public License (GPLv3).
# - - - - - - - - - - - - - - - - - - - - - - - - - - - - - - - - - - - -
# query HMM file:                  leidreiter_profiles/NMD.hmm
# target sequence database:        /Users/gabefoley/Dropbox/PhD/Projects/Phylo_Island/2020/20200309_RBD/20200331_RBD_Notebook/results/All_A_Regions_w_Leidreiter_A_regions_multiples_tagged_and_Expanded/domain_input/tmp/NZ_LYRP01000050.1_info_Mangrovibacter_phragmitis_TcdA1_expanded_position_1201065_1208661_backward
# output directed to file:         /Users/gabefoley/Dropbox/PhD/Projects/Phylo_Island/2020/20200309_RBD/20200331_RBD_Notebook/results/All_A_Regions_w_Leidreiter_A_regions_multiples_tagged_and_Expanded/domain_output/NZ_LYRP01000050.1_info_Mangrovibacter_phragmitis_TcdA1_expanded_position_1201065_1208661_backward_profile=NMD.hmm.output
# domain reporting threshold:      score >= 1
# - - - - - - - - - - - - - - - - - - - - - - - - - - - - - - - - - - - -

Query:       Neuraminidase  [M=170]
Accession:   PF18413.1
Description: Neuraminidase-like domain
Scores for complete sequences (score includes all domains):
   --- full sequence ---   --- best 1 domain ---    -#dom-
    E-value  score  bias    E-value  score  bias    exp  N  Sequence                                                                                          Description
    ------- ------ -----    ------- ------ -----   ---- --  --------                                                                                          -----------
    6.1e-29   87.0   2.4    1.6e-28   85.6   2.4    1.7  1  NZ_LYRP01000050.1_info_Mangrovibacter_phragmitis_TcdA1_expanded_position_1201065_1208661_backward  <unknown description>


Domain annotation for each sequence (and alignments):
>> NZ_LYRP01000050.1_info_Mangrovibacter_phragmitis_TcdA1_expanded_position_1201065_1208661_backward  <unknown description>
   #    score  bias  c-Evalue  i-Evalue hmmfrom  hmm to    alifrom  ali to    envfrom  env to     acc
 ---   ------ ----- --------- --------- ------- -------    ------- -------    ------- -------    ----
   1 !   85.6   2.4   1.6e-28   1.6e-28       1     130 [.    1083    1205 ..    1083    1239 .. 0.86

  Alignments for each domain:
  == domain 1  score: 85.6 bits;  conditional E-value: 1.6e-28
                                                                                      Neuraminidase    1 LevvsgyiekkdnakdtlhffGrtrtaPyrYYyRtldle. 39  
                                                                                                         L++vs+y++++++++++++f+Gr r a  +Y++R +d++ 
  NZ_LYRP01000050.1_info_Mangrovibacter_phragmitis_TcdA1_expanded_position_1201065_1208661_backward 1083 LKTVSAYHDNVNSDTGKTYFVGRGREAVPEYWWRNVDMSl 1122
                                                                                                         899************************************* PP

                                                                                      Neuraminidase   40 ...gelsanaWspWekidldikeg..eyvrpvvangRlyl 74  
                                                                                                            g++ a aWs+W ki++++ +   + vrpv++++Rl l
  NZ_LYRP01000050.1_info_Mangrovibacter_phragmitis_TcdA1_expanded_position_1201065_1208661_backward 1123 frdGKMPASAWSEWVKITTPV-NAwnDMVRPVMFRDRLNL 1161
                                                                                                         *********************.444688************ PP

                                                                                      Neuraminidase   75 fwpefeekakskektvddlgdqttgsseeskweiklawse 114 
                                                                                                         +w+e e     + ++ +d+  +t        ++++l++s+
  NZ_LYRP01000050.1_info_Mangrovibacter_phragmitis_TcdA1_expanded_position_1201065_1208661_backward 1162 VWVEKE-----EITEGTDKPVTT--------YRYNLKLSF 1188
                                                                                                         ******.....555555555555........9******** PP

                                                                                      Neuraminidase  115 l.rdgkWspkqvskdsl 130 
                                                                                                         l +dg+Ws++++++ + 
  NZ_LYRP01000050.1_info_Mangrovibacter_phragmitis_TcdA1_expanded_position_1201065_1208661_backward 1189 LrHDGNWSAPWSYNITA 1205
                                                                                                         **********9988333 PP



Internal pipeline statistics summary:
-------------------------------------
Query model(s):                              1  (170 nodes)
Target sequences:                            1  (2532 residues searched)
Passed MSV filter:                         1  (1); expected 0.0 (0.02)
Passed bias filter:                        1  (1); expected 0.0 (0.02)
Passed Vit filter:                         1  (1); expected 0.0 (0.001)
Passed Fwd filter:                         1  (1); expected 0.0 (1e-05)
Initial search space (Z):                  1  [actual number of targets]
Domain search space  (domZ):               1  [number of targets reported over threshold]
# CPU time: 0.00u 0.00s 00:00:00.00 Elapsed: 00:00:00.01
# Mc/sec: 43.04
//
[ok]
