# hmmsearch :: search profile(s) against a sequence database
# HMMER 3.1b2 (February 2015); http://hmmer.org/
# Copyright (C) 2015 Howard Hughes Medical Institute.
# Freely distributed under the GNU General Public License (GPLv3).
# - - - - - - - - - - - - - - - - - - - - - - - - - - - - - - - - - - - -
# query HMM file:                  leidreiter_profiles/RBD_C.hmm
# target sequence database:        /Users/gabefoley/Dropbox/PhD/Projects/Phylo_Island/2020/20200309_RBD/20200331_RBD_Notebook/results/All_A_Regions_w_Leidreiter_A_regions_multiples_tagged_and_Expanded/domain_input/tmp/NZ_LN681228.1_info_Xenorhabdus_nematophila-E_TcdA1_expanded_position_2110775_2118188_backward
# output directed to file:         /Users/gabefoley/Dropbox/PhD/Projects/Phylo_Island/2020/20200309_RBD/20200331_RBD_Notebook/results/All_A_Regions_w_Leidreiter_A_regions_multiples_tagged_and_Expanded/domain_output/NZ_LN681228.1_info_Xenorhabdus_nematophila-E_TcdA1_expanded_position_2110775_2118188_backward_profile=RBD_C.hmm.output
# domain reporting threshold:      score >= 1
# - - - - - - - - - - - - - - - - - - - - - - - - - - - - - - - - - - - -

Query:       RBD_C  [M=126]
Scores for complete sequences (score includes all domains):
   --- full sequence ---   --- best 1 domain ---    -#dom-
    E-value  score  bias    E-value  score  bias    exp  N  Sequence                                                                                      Description
    ------- ------ -----    ------- ------ -----   ---- --  --------                                                                                      -----------
      5e-21   61.4   0.7    2.1e-20   59.4   0.1    2.3  1  NZ_LN681228.1_info_Xenorhabdus_nematophila-E_TcdA1_expanded_position_2110775_2118188_backward  <unknown description>


Domain annotation for each sequence (and alignments):
>> NZ_LN681228.1_info_Xenorhabdus_nematophila-E_TcdA1_expanded_position_2110775_2118188_backward  <unknown description>
   #    score  bias  c-Evalue  i-Evalue hmmfrom  hmm to    alifrom  ali to    envfrom  env to     acc
 ---   ------ ----- --------- --------- ------- -------    ------- -------    ------- -------    ----
   1 !   59.4   0.1   2.1e-20   2.1e-20       4     117 ..    1406    1511 ..    1404    1518 .. 0.76

  Alignments for each domain:
  == domain 1  score: 59.4 bits;  conditional E-value: 2.1e-20
                                                                                          RBD_C    4 nqcnllkkygklGDkFiiYtslginpnnssnkkmiyPvYq 43  
                                                                                                     +qcnl++k+gk+GDkF+iYt      n+++++ +iyPvYq
  NZ_LN681228.1_info_Xenorhabdus_nematophila-E_TcdA1_expanded_position_2110775_2118188_backward 1406 SQCNLMAKHGKVGDKFTIYT------NIIPGTPHIYPVYQ 1439
                                                                                                     79******************......9************* PP

                                                                                          RBD_C   44 ysgntsnlekGRlLfyreas.askveawiPaltrsltees 82  
                                                                                                     +sg+++n    RlLf+ e +  s+ +    +l+ s+ ++s
  NZ_LN681228.1_info_Xenorhabdus_nematophila-E_TcdA1_expanded_position_2110775_2118188_backward 1440 HSGSGAN----RLLFSIEGNkKSGEHYATVSLHDSSEKNS 1475
                                                                                                     *******....*******9966666656666666666666 PP

                                                                                          RBD_C   83 aai.gddvaldsdnkpdddallkqylyltdskgtat 117 
                                                                                                      +  g++   d++n   d    + ++ lt +++t+t
  NZ_LN681228.1_info_Xenorhabdus_nematophila-E_TcdA1_expanded_position_2110775_2118188_backward 1476 GKFsGNEGFIDNKNGSGDAFNKDFSIILTQQQNTDT 1511
                                                                                                     555144444555555555334445688888888888 PP



Internal pipeline statistics summary:
-------------------------------------
Query model(s):                              1  (126 nodes)
Target sequences:                            1  (2471 residues searched)
Passed MSV filter:                         1  (1); expected 0.0 (0.02)
Passed bias filter:                        1  (1); expected 0.0 (0.02)
Passed Vit filter:                         1  (1); expected 0.0 (0.001)
Passed Fwd filter:                         1  (1); expected 0.0 (1e-05)
Initial search space (Z):                  1  [actual number of targets]
Domain search space  (domZ):               1  [number of targets reported over threshold]
# CPU time: 0.01u 0.00s 00:00:00.01 Elapsed: 00:00:00.01
# Mc/sec: 31.13
//
[ok]
