# hmmsearch :: search profile(s) against a sequence database
# HMMER 3.1b2 (February 2015); http://hmmer.org/
# Copyright (C) 2015 Howard Hughes Medical Institute.
# Freely distributed under the GNU General Public License (GPLv3).
# - - - - - - - - - - - - - - - - - - - - - - - - - - - - - - - - - - - -
# query HMM file:                  leidreiter_profiles/NMD.hmm
# target sequence database:        /Users/gabefoley/Dropbox/PhD/Projects/Phylo_Island/2020/20200309_RBD/20200331_RBD_Notebook/results/All_A_Regions_w_Leidreiter_A_regions_multiples_tagged_and_Expanded/domain_input/tmp/NZ_NBVR01000044.1_info_Proteus_alimentorum_TcdA1_expanded_position_3584186_3591032_backward
# output directed to file:         /Users/gabefoley/Dropbox/PhD/Projects/Phylo_Island/2020/20200309_RBD/20200331_RBD_Notebook/results/All_A_Regions_w_Leidreiter_A_regions_multiples_tagged_and_Expanded/domain_output/NZ_NBVR01000044.1_info_Proteus_alimentorum_TcdA1_expanded_position_3584186_3591032_backward_profile=NMD.hmm.output
# domain reporting threshold:      score >= 1
# - - - - - - - - - - - - - - - - - - - - - - - - - - - - - - - - - - - -

Query:       Neuraminidase  [M=170]
Accession:   PF18413.1
Description: Neuraminidase-like domain
Scores for complete sequences (score includes all domains):
   --- full sequence ---   --- best 1 domain ---    -#dom-
    E-value  score  bias    E-value  score  bias    exp  N  Sequence                                                                                    Description
    ------- ------ -----    ------- ------ -----   ---- --  --------                                                                                    -----------
    1.6e-30   92.1   2.1    1.6e-30   92.1   2.1    2.2  1  NZ_NBVR01000044.1_info_Proteus_alimentorum_TcdA1_expanded_position_3584186_3591032_backward  <unknown description>


Domain annotation for each sequence (and alignments):
>> NZ_NBVR01000044.1_info_Proteus_alimentorum_TcdA1_expanded_position_3584186_3591032_backward  <unknown description>
   #    score  bias  c-Evalue  i-Evalue hmmfrom  hmm to    alifrom  ali to    envfrom  env to     acc
 ---   ------ ----- --------- --------- ------- -------    ------- -------    ------- -------    ----
   1 !   92.1   2.1   1.6e-30   1.6e-30       1     124 [.     940    1060 ..     940    1103 .. 0.87

  Alignments for each domain:
  == domain 1  score: 92.1 bits;  conditional E-value: 1.6e-30
                                                                                Neuraminidase    1 LevvsgyiekkdnakdtlhffGrtrtaPyrYYyRtldle. 39  
                                                                                                   L+v+sgy++++  ++++++f+G   ++ ++YY+R++d++ 
  NZ_NBVR01000044.1_info_Proteus_alimentorum_TcdA1_expanded_position_3584186_3591032_backward  940 LDVISGYHDGVTLKDGKTYFIGCNASEKASYYWRSADHSk 979 
                                                                                                   89************************************** PP

                                                                                Neuraminidase   40 ...gelsanaWspWekidldikeg.eyvrpvvangRlylf 75  
                                                                                                      g ++anaW++W+ki+   ++  + +rpv++n+Rly++
  NZ_NBVR01000044.1_info_Proteus_alimentorum_TcdA1_expanded_position_3584186_3591032_backward  980 ikkGVMAANAWTEWTKIENGANPYnNLIRPVIFNNRLYVA 1019
                                                                                                   *********************777577************* PP

                                                                                Neuraminidase   76 wpefeekakskektvddlgdqttgsseeskweiklawsel 115 
                                                                                                   w e++e + ++e+t+++ ++q          +++l++s++
  NZ_NBVR01000044.1_info_Proteus_alimentorum_TcdA1_expanded_position_3584186_3591032_backward 1020 WIERKEIENKEEATFEEISKQV---------RYSLNLSHI 1050
                                                                                                   *****99999999999999999.........********* PP

                                                                                Neuraminidase  116 .rdgkWspkq 124 
                                                                                                    +dg+Ws+  
  NZ_NBVR01000044.1_info_Proteus_alimentorum_TcdA1_expanded_position_3584186_3591032_backward 1051 rYDGTWSSSI 1060
                                                                                                   ******9884 PP



Internal pipeline statistics summary:
-------------------------------------
Query model(s):                              1  (170 nodes)
Target sequences:                            1  (2282 residues searched)
Passed MSV filter:                         1  (1); expected 0.0 (0.02)
Passed bias filter:                        1  (1); expected 0.0 (0.02)
Passed Vit filter:                         1  (1); expected 0.0 (0.001)
Passed Fwd filter:                         1  (1); expected 0.0 (1e-05)
Initial search space (Z):                  1  [actual number of targets]
Domain search space  (domZ):               1  [number of targets reported over threshold]
# CPU time: 0.01u 0.00s 00:00:00.01 Elapsed: 00:00:00.01
# Mc/sec: 38.79
//
[ok]
