# hmmsearch :: search profile(s) against a sequence database
# HMMER 3.1b2 (February 2015); http://hmmer.org/
# Copyright (C) 2015 Howard Hughes Medical Institute.
# Freely distributed under the GNU General Public License (GPLv3).
# - - - - - - - - - - - - - - - - - - - - - - - - - - - - - - - - - - - -
# query HMM file:                  leidreiter_profiles/RBD_A.hmm
# target sequence database:        /Users/gabefoley/Dropbox/PhD/Projects/Phylo_Island/2020/20200309_RBD/20200331_RBD_Notebook/results/All_A_Regions_w_Leidreiter_A_regions_multiples_tagged_and_Expanded/domain_input/tmp/NZ_NITZ01000138.1_info_Xenorhabdus_miraniensis_TcdA1_expanded_position_4356427_4363996_backward
# output directed to file:         /Users/gabefoley/Dropbox/PhD/Projects/Phylo_Island/2020/20200309_RBD/20200331_RBD_Notebook/results/All_A_Regions_w_Leidreiter_A_regions_multiples_tagged_and_Expanded/domain_output/NZ_NITZ01000138.1_info_Xenorhabdus_miraniensis_TcdA1_expanded_position_4356427_4363996_backward_profile=RBD_A.hmm.output
# domain reporting threshold:      score >= 1
# - - - - - - - - - - - - - - - - - - - - - - - - - - - - - - - - - - - -

Query:       RBD_A  [M=124]
Scores for complete sequences (score includes all domains):
   --- full sequence ---   --- best 1 domain ---    -#dom-
    E-value  score  bias    E-value  score  bias    exp  N  Sequence                                                                                        Description
    ------- ------ -----    ------- ------ -----   ---- --  --------                                                                                        -----------
    7.8e-11   28.6   0.0    4.9e-10   26.1   0.0    2.5  1  NZ_NITZ01000138.1_info_Xenorhabdus_miraniensis_TcdA1_expanded_position_4356427_4363996_backward  <unknown description>


Domain annotation for each sequence (and alignments):
>> NZ_NITZ01000138.1_info_Xenorhabdus_miraniensis_TcdA1_expanded_position_4356427_4363996_backward  <unknown description>
   #    score  bias  c-Evalue  i-Evalue hmmfrom  hmm to    alifrom  ali to    envfrom  env to     acc
 ---   ------ ----- --------- --------- ------- -------    ------- -------    ------- -------    ----
   1 !   26.1   0.0   4.9e-10   4.9e-10       7      53 ..     319     366 ..     313     389 .. 0.86

  Alignments for each domain:
  == domain 1  score: 26.1 bits;  conditional E-value: 4.9e-10
                                                                                            RBD_A   7 lvnsedgkvtvykitrtktd.nakqldYieLvpiggnqyk 45 
                                                                                                      l+ +++gk+++ykitr      ak+l++ +Lv+ g+n+++
  NZ_NITZ01000138.1_info_Xenorhabdus_miraniensis_TcdA1_expanded_position_4356427_4363996_backward 319 LLTDQEGKLSAYKITRVPGGdDAKHLNFWDLVYKGDNKFI 358
                                                                                                      67899***********987659****************** PP

                                                                                            RBD_A  46 vnFsvket 53 
                                                                                                      ++ ++k++
  NZ_NITZ01000138.1_info_Xenorhabdus_miraniensis_TcdA1_expanded_position_4356427_4363996_backward 359 IRANFKKN 366
                                                                                                      *8888776 PP



Internal pipeline statistics summary:
-------------------------------------
Query model(s):                              1  (124 nodes)
Target sequences:                            1  (2523 residues searched)
Passed MSV filter:                         1  (1); expected 0.0 (0.02)
Passed bias filter:                        1  (1); expected 0.0 (0.02)
Passed Vit filter:                         1  (1); expected 0.0 (0.001)
Passed Fwd filter:                         1  (1); expected 0.0 (1e-05)
Initial search space (Z):                  1  [actual number of targets]
Domain search space  (domZ):               1  [number of targets reported over threshold]
# CPU time: 0.01u 0.00s 00:00:00.01 Elapsed: 00:00:00.00
# Mc/sec: inf
//
[ok]
