# hmmsearch :: search profile(s) against a sequence database
# HMMER 3.1b2 (February 2015); http://hmmer.org/
# Copyright (C) 2015 Howard Hughes Medical Institute.
# Freely distributed under the GNU General Public License (GPLv3).
# - - - - - - - - - - - - - - - - - - - - - - - - - - - - - - - - - - - -
# query HMM file:                  leidreiter_profiles/RBD_B.hmm
# target sequence database:        /Users/gabefoley/Dropbox/PhD/Projects/Phylo_Island/2020/20200309_RBD/20200331_RBD_Notebook/results/All_A_Regions_w_Leidreiter_A_regions_multiples_tagged_and_Expanded/domain_input/tmp/NZ_NITZ01000138.1_info_Xenorhabdus_miraniensis_TcdA1_expanded_position_4356427_4363996_backward
# output directed to file:         /Users/gabefoley/Dropbox/PhD/Projects/Phylo_Island/2020/20200309_RBD/20200331_RBD_Notebook/results/All_A_Regions_w_Leidreiter_A_regions_multiples_tagged_and_Expanded/domain_output/NZ_NITZ01000138.1_info_Xenorhabdus_miraniensis_TcdA1_expanded_position_4356427_4363996_backward_profile=RBD_B.hmm.output
# domain reporting threshold:      score >= 1
# - - - - - - - - - - - - - - - - - - - - - - - - - - - - - - - - - - - -

Query:       RBD_B  [M=125]
Scores for complete sequences (score includes all domains):
   --- full sequence ---   --- best 1 domain ---    -#dom-
    E-value  score  bias    E-value  score  bias    exp  N  Sequence                                                                                        Description
    ------- ------ -----    ------- ------ -----   ---- --  --------                                                                                        -----------
    2.7e-31   94.5   0.8    2.3e-23   68.9   0.1    2.8  2  NZ_NITZ01000138.1_info_Xenorhabdus_miraniensis_TcdA1_expanded_position_4356427_4363996_backward  <unknown description>


Domain annotation for each sequence (and alignments):
>> NZ_NITZ01000138.1_info_Xenorhabdus_miraniensis_TcdA1_expanded_position_4356427_4363996_backward  <unknown description>
   #    score  bias  c-Evalue  i-Evalue hmmfrom  hmm to    alifrom  ali to    envfrom  env to     acc
 ---   ------ ----- --------- --------- ------- -------    ------- -------    ------- -------    ----
   1 !   23.3   0.1   3.1e-09   3.1e-09       2      49 ..    1311    1356 ..    1310    1380 .. 0.85
   2 !   68.9   0.1   2.3e-23   2.3e-23      59     125 .]    1513    1582 ..    1495    1582 .. 0.90

  Alignments for each domain:
  == domain 1  score: 23.3 bits;  conditional E-value: 3.1e-09
                                                                                            RBD_B    2 eedkEidsvisklksydwgdytLstvsegnipaislkvts 41  
                                                                                                       ++d Ei+++     + + gdy L+++++gnip+i  k++s
  NZ_NITZ01000138.1_info_Xenorhabdus_miraniensis_TcdA1_expanded_position_4356427_4363996_backward 1311 AQDFEIPTSLHM--GSAVGDYGLTVMEKGNIPQIASKYSS 1348
                                                                                                       568899999877..889*********************** PP

                                                                                            RBD_B   42 sdlkitis 49  
                                                                                                       ++l it+s
  NZ_NITZ01000138.1_info_Xenorhabdus_miraniensis_TcdA1_expanded_position_4356427_4363996_backward 1349 DNLVITLS 1356
                                                                                                       ******98 PP

  == domain 2  score: 68.9 bits;  conditional E-value: 2.3e-23
                                                                                            RBD_B   59 k...islliklgskkveltaekdvavkPsnssdelayqFn 95  
                                                                                                       +   i++++ +gsk++++ta+ ++a+ P+ns+d+++y+F+
  NZ_NITZ01000138.1_info_Xenorhabdus_miraniensis_TcdA1_expanded_position_4356427_4363996_backward 1513 NnadIKITVVTGSKTHTFTASGYAASLPANSFDAMQYTFK 1552
                                                                                                       1344899999****************************** PP

                                                                                            RBD_B   96 kleidiselafinniasidvtfkalakkar 125 
                                                                                                        leid+s+l+finnia++d+tf+a+akk+r
  NZ_NITZ01000138.1_info_Xenorhabdus_miraniensis_TcdA1_expanded_position_4356427_4363996_backward 1553 PLEIDASSLTFINNIAPLDITFEARAKKWR 1582
                                                                                                       ***************************997 PP



Internal pipeline statistics summary:
-------------------------------------
Query model(s):                              1  (125 nodes)
Target sequences:                            1  (2523 residues searched)
Passed MSV filter:                         1  (1); expected 0.0 (0.02)
Passed bias filter:                        1  (1); expected 0.0 (0.02)
Passed Vit filter:                         1  (1); expected 0.0 (0.001)
Passed Fwd filter:                         1  (1); expected 0.0 (1e-05)
Initial search space (Z):                  1  [actual number of targets]
Domain search space  (domZ):               1  [number of targets reported over threshold]
# CPU time: 0.01u 0.00s 00:00:00.01 Elapsed: 00:00:00.01
# Mc/sec: 31.54
//
[ok]
